d:\сп\dll\os11_htapi\x64\debug\os11_htapi.pch
d:\сп\dll\os11_htapi\x64\debug\vc143.pdb
d:\сп\dll\os11_htapi\x64\debug\vc143.idb
d:\сп\dll\os11_htapi\x64\debug\pch.obj
d:\сп\dll\os11_htapi\x64\debug\ht.obj
d:\сп\dll\os11_htapi\x64\debug\element.obj
d:\сп\dll\os11_htapi\x64\debug\dllmain.obj
d:\сп\dll\os11_htapi\x64\debug\os11_htapi.ilk
d:\сп\dll\x64\debug\os11_htapi.dll
d:\сп\dll\x64\debug\os11_htapi.pdb
d:\сп\dll\x64\debug\os11_htapi.lib
d:\сп\dll\x64\debug\os11_htapi.exp
d:\сп\dll\os11_htapi\x64\debug\os11_htapi.tlog\cl.command.1.tlog
d:\сп\dll\os11_htapi\x64\debug\os11_htapi.tlog\cl.items.tlog
d:\сп\dll\os11_htapi\x64\debug\os11_htapi.tlog\cl.read.1.tlog
d:\сп\dll\os11_htapi\x64\debug\os11_htapi.tlog\cl.write.1.tlog
d:\сп\dll\os11_htapi\x64\debug\os11_htapi.tlog\link.command.1.tlog
d:\сп\dll\os11_htapi\x64\debug\os11_htapi.tlog\link.read.1.tlog
d:\сп\dll\os11_htapi\x64\debug\os11_htapi.tlog\link.write.1.tlog
d:\сп\dll\os11_htapi\x64\debug\os11_htapi.tlog\link.write.2u.tlog
