12.10.2023 00:50:24   [Delete]   Key = Y   Payload = 0   success
12.10.2023 00:50:25   [Delete]   Key = A   Payload = 0   success
12.10.2023 00:50:26   [Delete]   Key = R   Payload = 0   success
12.10.2023 00:50:27   [Delete]   Key = 0   Payload = 0   success
12.10.2023 00:50:28   [Delete]   Key = C   Payload = 0   success
12.10.2023 00:50:29   [Delete]   Key = H   Payload = 0   success
12.10.2023 00:50:30   [Delete]   Key = L   Payload = 0   success
12.10.2023 00:50:31   [Delete]   Key = 8   Payload = 0   success
12.10.2023 00:50:32   [Delete]   Key = <   Payload = 0   success
12.10.2023 00:50:33   [Delete]   Key = >   Payload = 0   success
12.10.2023 00:50:34   [Delete]   Key = 5   Payload = 0   error
12.10.2023 00:50:35   [Delete]   Key = ]   Payload = 0   error
12.10.2023 07:59:24   [Delete]   Key = Y   Payload = 0   success
12.10.2023 07:59:25   [Delete]   Key = A   Payload = 0   success
12.10.2023 07:59:26   [Delete]   Key = R   Payload = 0   success
12.10.2023 07:59:27   [Delete]   Key = 0   Payload = 0   success
12.10.2023 07:59:28   [Delete]   Key = C   Payload = 0   success
12.10.2023 07:59:29   [Delete]   Key = H   Payload = 0   success
12.10.2023 07:59:30   [Delete]   Key = L   Payload = 0   success
12.10.2023 07:59:31   [Delete]   Key = 8   Payload = 0   success
12.10.2023 07:59:32   [Delete]   Key = <   Payload = 0   success
12.10.2023 07:59:33   [Delete]   Key = >   Payload = 0   success
12.10.2023 07:59:34   [Delete]   Key = 5   Payload = 0   error
12.10.2023 07:59:35   [Delete]   Key = ]   Payload = 0   error
12.10.2023 08:23:19   [Delete]   Key = Y   Payload = 0   success
12.10.2023 08:23:20   [Delete]   Key = A   Payload = 0   success
12.10.2023 08:23:21   [Delete]   Key = R   Payload = 0   success
12.10.2023 08:23:22   [Delete]   Key = 0   Payload = 0   success
12.10.2023 08:23:23   [Delete]   Key = C   Payload = 0   success
12.10.2023 08:23:24   [Delete]   Key = H   Payload = 0   success
12.10.2023 08:23:25   [Delete]   Key = L   Payload = 0   success
12.10.2023 08:23:26   [Delete]   Key = 8   Payload = 0   success
12.10.2023 08:23:27   [Delete]   Key = <   Payload = 0   success
12.10.2023 08:23:28   [Delete]   Key = >   Payload = 0   success
12.10.2023 08:23:29   [Delete]   Key = 5   Payload = 0   error
12.10.2023 08:23:30   [Delete]   Key = ]   Payload = 0   error
12.10.2023 08:23:31   [Delete]   Key = O   Payload = 0   error
12.10.2023 08:29:23   [Delete]   Key = Y   Payload = 0   success
12.10.2023 08:29:24   [Delete]   Key = A   Payload = 0   success
12.10.2023 08:29:25   [Delete]   Key = R   Payload = 0   success
12.10.2023 08:29:26   [Delete]   Key = 0   Payload = 0   success
12.10.2023 08:29:27   [Delete]   Key = C   Payload = 0   success
12.10.2023 08:29:28   [Delete]   Key = H   Payload = 0   success
12.10.2023 08:29:29   [Delete]   Key = L   Payload = 0   success
12.10.2023 08:29:30   [Delete]   Key = 8   Payload = 0   success
12.10.2023 08:29:31   [Delete]   Key = <   Payload = 0   success
12.10.2023 08:29:32   [Delete]   Key = >   Payload = 0   success
12.10.2023 08:29:33   [Delete]   Key = 5   Payload = 0   error
12.10.2023 08:29:34   [Delete]   Key = ]   Payload = 0   error
12.10.2023 08:36:27   [Delete]   Key = Y   Payload = 0   success
12.10.2023 08:36:28   [Delete]   Key = A   Payload = 0   success
12.10.2023 08:36:29   [Delete]   Key = R   Payload = 0   success
12.10.2023 08:36:30   [Delete]   Key = 0   Payload = 0   success
12.10.2023 08:36:31   [Delete]   Key = C   Payload = 0   success
12.10.2023 08:36:32   [Delete]   Key = H   Payload = 0   success
12.10.2023 08:36:33   [Delete]   Key = L   Payload = 0   success
12.10.2023 08:36:34   [Delete]   Key = 8   Payload = 0   success
12.10.2023 08:36:35   [Delete]   Key = <   Payload = 0   success
12.10.2023 08:36:36   [Delete]   Key = >   Payload = 0   success
12.10.2023 08:36:37   [Delete]   Key = 5   Payload = 0   success
12.10.2023 08:36:38   [Delete]   Key = ]   Payload = 0   success
12.10.2023 08:36:39   [Delete]   Key = O   Payload = 0   success
12.10.2023 08:36:40   [Delete]   Key = K   Payload = 0   success
12.10.2023 08:36:41   [Delete]   Key = ;   Payload = 0   success
12.10.2023 08:36:42   [Delete]   Key = Y   Payload = 0   success
12.10.2023 08:36:43   [Delete]   Key = ]   Payload = 0   success
12.10.2023 08:36:44   [Delete]   Key = Z   Payload = 0   success
12.10.2023 08:36:45   [Delete]   Key = K   Payload = 0   success
12.10.2023 08:36:46   [Delete]   Key = T   Payload = 0   success
12.10.2023 08:36:47   [Delete]   Key = Y   Payload = 0   success
12.10.2023 08:36:49   [Delete]   Key = 4   Payload = 0   success
12.10.2023 08:36:50   [Delete]   Key = 2   Payload = 0   success
12.10.2023 08:37:06   [Delete]   Key = Y   Payload = 0   success
12.10.2023 08:37:08   [Delete]   Key = A   Payload = 0   success
12.10.2023 08:37:09   [Delete]   Key = R   Payload = 0   error
12.10.2023 08:37:10   [Delete]   Key = 0   Payload = 0   error
12.10.2023 11:56:37   [Delete]   Key = Y   Payload = 0   success
12.10.2023 11:56:38   [Delete]   Key = A   Payload = 0   success
12.10.2023 11:56:39   [Delete]   Key = R   Payload = 0   success
12.10.2023 11:56:40   [Delete]   Key = 0   Payload = 0   success
12.10.2023 11:56:41   [Delete]   Key = C   Payload = 0   success
12.10.2023 11:56:42   [Delete]   Key = H   Payload = 0   success
12.10.2023 11:56:43   [Delete]   Key = L   Payload = 0   success
12.10.2023 11:56:44   [Delete]   Key = 8   Payload = 0   success
12.10.2023 11:56:45   [Delete]   Key = <   Payload = 0   success
12.10.2023 11:56:46   [Delete]   Key = >   Payload = 0   success
12.10.2023 11:56:47   [Delete]   Key = 5   Payload = 0   success
12.10.2023 11:56:48   [Delete]   Key = ]   Payload = 0   success
12.10.2023 11:56:49   [Delete]   Key = O   Payload = 0   success
12.10.2023 11:56:50   [Delete]   Key = K   Payload = 0   success
12.10.2023 11:56:52   [Delete]   Key = ;   Payload = 0   success
12.10.2023 11:56:53   [Delete]   Key = Y   Payload = 0   success
12.10.2023 11:56:54   [Delete]   Key = ]   Payload = 0   success
12.10.2023 11:56:55   [Delete]   Key = Z   Payload = 0   success
12.10.2023 11:56:56   [Delete]   Key = K   Payload = 0   success
12.10.2023 11:56:57   [Delete]   Key = T   Payload = 0   success
12.10.2023 11:56:58   [Delete]   Key = Y   Payload = 0   success
12.10.2023 11:56:59   [Delete]   Key = 4   Payload = 0   success
12.10.2023 11:57:00   [Delete]   Key = 2   Payload = 0   success
12.10.2023 11:57:01   [Delete]   Key = 3   Payload = 0   success
12.10.2023 11:57:02   [Delete]   Key = Z   Payload = 0   success
12.10.2023 11:57:03   [Delete]   Key = P   Payload = 0   success
12.10.2023 11:57:04   [Delete]   Key = E   Payload = 0   success
12.10.2023 11:57:05   [Delete]   Key = @   Payload = 0   success
12.10.2023 11:57:06   [Delete]   Key = B   Payload = 0   success
12.10.2023 11:57:07   [Delete]   Key = ]   Payload = 0   success
12.10.2023 11:57:08   [Delete]   Key = _   Payload = 0   success
12.10.2023 11:57:09   [Delete]   Key = J   Payload = 0   success
12.10.2023 11:57:10   [Delete]   Key = E   Payload = 0   success
12.10.2023 11:57:11   [Delete]   Key = V   Payload = 0   success
12.10.2023 11:57:12   [Delete]   Key = C   Payload = 0   success
12.10.2023 11:57:13   [Delete]   Key = <   Payload = 0   success
12.10.2023 11:57:14   [Delete]   Key = A   Payload = 0   success
12.10.2023 11:57:15   [Delete]   Key = a   Payload = 0   success
12.10.2023 11:57:16   [Delete]   Key = S   Payload = 0   success
12.10.2023 11:57:17   [Delete]   Key = \   Payload = 0   success
12.10.2023 11:57:18   [Delete]   Key = 3   Payload = 0   success
12.10.2023 11:57:19   [Delete]   Key = ;   Payload = 0   success
12.10.2023 11:57:20   [Delete]   Key = F   Payload = 0   success
12.10.2023 11:57:21   [Delete]   Key = Q   Payload = 0   success
12.10.2023 11:57:22   [Delete]   Key = G   Payload = 0   success
12.10.2023 11:57:23   [Delete]   Key = >   Payload = 0   success
12.10.2023 11:57:24   [Delete]   Key = Y   Payload = 0   success
12.10.2023 11:57:25   [Delete]   Key = ;   Payload = 0   success
12.10.2023 11:57:26   [Delete]   Key = 3   Payload = 0   success
12.10.2023 11:57:27   [Delete]   Key = B   Payload = 0   success
12.10.2023 11:57:28   [Delete]   Key = _   Payload = 0   success
12.10.2023 11:57:29   [Delete]   Key = \   Payload = 0   success
12.10.2023 11:57:30   [Delete]   Key = <   Payload = 0   error
12.10.2023 11:57:31   [Delete]   Key = 7   Payload = 0   error
12.10.2023 11:57:32   [Delete]   Key = U   Payload = 0   error
12.10.2023 11:57:33   [Delete]   Key = 9   Payload = 0   error
12.10.2023 11:57:34   [Delete]   Key = G   Payload = 0   error
12.10.2023 11:57:35   [Delete]   Key = Y   Payload = 0   error
12.10.2023 11:57:36   [Delete]   Key = M   Payload = 0   error
12.10.2023 11:57:37   [Delete]   Key = L   Payload = 0   error
12.10.2023 11:57:38   [Delete]   Key = @   Payload = 0   error
12.10.2023 11:57:39   [Delete]   Key = S   Payload = 0   error
12.10.2023 11:57:40   [Delete]   Key = X   Payload = 0   error
12.10.2023 11:57:41   [Delete]   Key = Z   Payload = 0   error
12.10.2023 11:57:42   [Delete]   Key = V   Payload = 0   error
12.10.2023 11:57:43   [Delete]   Key = 6   Payload = 0   error
12.10.2023 11:57:44   [Delete]   Key = X   Payload = 0   error
12.10.2023 11:57:45   [Delete]   Key = Z   Payload = 0   error
12.10.2023 11:57:46   [Delete]   Key = >   Payload = 0   error
12.10.2023 11:57:47   [Delete]   Key = `   Payload = 0   error
12.10.2023 11:57:48   [Delete]   Key = ^   Payload = 0   error
12.10.2023 11:57:49   [Delete]   Key = 5   Payload = 0   error
12.10.2023 11:57:50   [Delete]   Key = X   Payload = 0   error
12.10.2023 11:57:51   [Delete]   Key = M   Payload = 0   error
12.10.2023 11:57:52   [Delete]   Key = D   Payload = 0   error
12.10.2023 11:57:53   [Delete]   Key = 0   Payload = 0   error
12.10.2023 11:57:54   [Delete]   Key = 6   Payload = 0   error
12.10.2023 11:57:55   [Delete]   Key = 1   Payload = 0   error
12.10.2023 11:57:56   [Delete]   Key = [   Payload = 0   error
12.10.2023 11:57:57   [Delete]   Key = `   Payload = 0   error
12.10.2023 11:57:58   [Delete]   Key = M   Payload = 0   error
12.10.2023 11:57:59   [Delete]   Key = G   Payload = 0   error
12.10.2023 11:58:00   [Delete]   Key = R   Payload = 0   error
12.10.2023 11:58:01   [Delete]   Key = 4   Payload = 0   error
12.10.2023 11:58:02   [Delete]   Key = 6   Payload = 0   error
12.10.2023 11:58:03   [Delete]   Key = X   Payload = 0   error
12.10.2023 11:58:04   [Delete]   Key = @   Payload = 0   error
12.10.2023 11:58:05   [Delete]   Key = J   Payload = 0   error
12.10.2023 11:58:06   [Delete]   Key = O   Payload = 0   error
12.10.2023 11:58:07   [Delete]   Key = 8   Payload = 0   error
12.10.2023 11:58:08   [Delete]   Key = \   Payload = 0   error
12.10.2023 11:58:09   [Delete]   Key = W   Payload = 0   error
12.10.2023 11:58:10   [Delete]   Key = J   Payload = 0   error
12.10.2023 11:58:11   [Delete]   Key = G   Payload = 0   error
12.10.2023 11:58:12   [Delete]   Key = U   Payload = 0   error
12.10.2023 11:58:13   [Delete]   Key = V   Payload = 0   error
12.10.2023 11:58:14   [Delete]   Key = B   Payload = 0   error
12.10.2023 12:10:16   [Delete]   Key = Y   Payload = 0   success
12.10.2023 12:10:17   [Delete]   Key = A   Payload = 0   success
12.10.2023 12:10:18   [Delete]   Key = R   Payload = 0   success
12.10.2023 12:10:19   [Delete]   Key = 0   Payload = 0   success
12.10.2023 12:10:20   [Delete]   Key = C   Payload = 0   success
12.10.2023 12:10:21   [Delete]   Key = H   Payload = 0   error
12.10.2023 12:13:18   [Delete]   Key = Y   Payload = 0   success
12.10.2023 12:13:19   [Delete]   Key = A   Payload = 0   success
12.10.2023 12:13:20   [Delete]   Key = R   Payload = 0   success
12.10.2023 12:13:21   [Delete]   Key = 0   Payload = 0   success
12.10.2023 12:13:22   [Delete]   Key = C   Payload = 0   success
12.10.2023 12:13:23   [Delete]   Key = H   Payload = 0   success
12.10.2023 12:13:24   [Delete]   Key = L   Payload = 0   success
12.10.2023 12:13:26   [Delete]   Key = 8   Payload = 0   success
12.10.2023 12:13:27   [Delete]   Key = <   Payload = 0   success
12.10.2023 12:13:28   [Delete]   Key = >   Payload = 0   success
12.10.2023 12:13:29   [Delete]   Key = 5   Payload = 0   success
12.10.2023 12:13:30   [Delete]   Key = ]   Payload = 0   success
12.10.2023 12:13:31   [Delete]   Key = O   Payload = 0   success
12.10.2023 12:13:32   [Delete]   Key = K   Payload = 0   success
12.10.2023 12:13:33   [Delete]   Key = ;   Payload = 0   success
12.10.2023 12:25:43   [Delete]   Key = Y   Payload = 0   success
12.10.2023 12:25:44   [Delete]   Key = A   Payload = 0   success
12.10.2023 12:25:45   [Delete]   Key = R   Payload = 0   success
12.10.2023 12:25:46   [Delete]   Key = 0   Payload = 0   success
12.10.2023 12:42:35   [Delete]   Key = Y   Payload = 0   success
12.10.2023 12:42:36   [Delete]   Key = A   Payload = 0   success
12.10.2023 12:42:37   [Delete]   Key = R   Payload = 0   success
12.10.2023 12:42:38   [Delete]   Key = 0   Payload = 0   success
12.10.2023 12:42:39   [Delete]   Key = C   Payload = 0   success
12.10.2023 12:42:40   [Delete]   Key = H   Payload = 0   success
12.10.2023 12:42:41   [Delete]   Key = L   Payload = 0   success
12.10.2023 12:42:42   [Delete]   Key = 8   Payload = 0   success
12.10.2023 12:42:43   [Delete]   Key = <   Payload = 0   success
12.10.2023 12:42:44   [Delete]   Key = >   Payload = 0   success
12.10.2023 12:42:45   [Delete]   Key = 5   Payload = 0   success
12.10.2023 12:42:46   [Delete]   Key = ]   Payload = 0   success
12.10.2023 12:42:47   [Delete]   Key = O   Payload = 0   success
12.10.2023 12:42:48   [Delete]   Key = K   Payload = 0   success
12.10.2023 12:42:49   [Delete]   Key = ;   Payload = 0   success
12.10.2023 12:42:50   [Delete]   Key = Y   Payload = 0   success
12.10.2023 12:42:51   [Delete]   Key = ]   Payload = 0   success
12.10.2023 12:42:52   [Delete]   Key = Z   Payload = 0   success
12.10.2023 12:42:53   [Delete]   Key = K   Payload = 0   success
12.10.2023 12:42:54   [Delete]   Key = T   Payload = 0   success
12.10.2023 12:42:55   [Delete]   Key = Y   Payload = 0   success
12.10.2023 12:42:56   [Delete]   Key = 4   Payload = 0   success
12.10.2023 12:42:57   [Delete]   Key = 2   Payload = 0   success
12.10.2023 12:42:58   [Delete]   Key = 3   Payload = 0   success
12.10.2023 12:42:59   [Delete]   Key = Z   Payload = 0   success
12.10.2023 12:43:00   [Delete]   Key = P   Payload = 0   success
12.10.2023 12:43:01   [Delete]   Key = E   Payload = 0   success
12.10.2023 12:43:02   [Delete]   Key = @   Payload = 0   success
12.10.2023 12:43:03   [Delete]   Key = B   Payload = 0   success
12.10.2023 12:43:04   [Delete]   Key = ]   Payload = 0   success
12.10.2023 12:43:05   [Delete]   Key = _   Payload = 0   success
12.10.2023 12:43:06   [Delete]   Key = J   Payload = 0   success
12.10.2023 12:43:07   [Delete]   Key = E   Payload = 0   success
12.10.2023 12:43:08   [Delete]   Key = V   Payload = 0   error
12.10.2023 12:43:09   [Delete]   Key = C   Payload = 0   success
12.10.2023 12:43:10   [Delete]   Key = <   Payload = 0   success
12.10.2023 12:43:11   [Delete]   Key = A   Payload = 0   error
12.10.2023 12:43:12   [Delete]   Key = a   Payload = 0   error
12.10.2023 12:43:13   [Delete]   Key = S   Payload = 0   error
12.10.2023 12:43:14   [Delete]   Key = \   Payload = 0   error
12.10.2023 12:43:15   [Delete]   Key = 3   Payload = 0   success
18.10.2023 22:39:36   [Delete]   Key = Y   Payload = 0   success
18.10.2023 22:39:37   [Delete]   Key = A   Payload = 0   success
18.10.2023 22:39:38   [Delete]   Key = R   Payload = 0   success
18.10.2023 22:39:39   [Delete]   Key = 0   Payload = 0   success
18.10.2023 22:39:40   [Delete]   Key = C   Payload = 0   success
18.10.2023 22:39:41   [Delete]   Key = H   Payload = 0   success
18.10.2023 22:39:42   [Delete]   Key = L   Payload = 0   success
18.10.2023 22:39:43   [Delete]   Key = 8   Payload = 0   success
18.10.2023 22:39:44   [Delete]   Key = <   Payload = 0   success
18.10.2023 22:39:45   [Delete]   Key = >   Payload = 0   success
18.10.2023 22:39:46   [Delete]   Key = 5   Payload = 0   success
18.10.2023 22:39:47   [Delete]   Key = ]   Payload = 0   success
18.10.2023 22:39:48   [Delete]   Key = O   Payload = 0   success
18.10.2023 22:39:49   [Delete]   Key = K   Payload = 0   success
18.10.2023 22:39:50   [Delete]   Key = ;   Payload = 0   success
18.10.2023 22:39:51   [Delete]   Key = Y   Payload = 0   success
18.10.2023 22:39:52   [Delete]   Key = ]   Payload = 0   success
18.10.2023 22:39:53   [Delete]   Key = Z   Payload = 0   success
18.10.2023 22:39:54   [Delete]   Key = K   Payload = 0   success
18.10.2023 22:39:55   [Delete]   Key = T   Payload = 0   success
18.10.2023 22:39:56   [Delete]   Key = Y   Payload = 0   success
18.10.2023 22:39:57   [Delete]   Key = 4   Payload = 0   success
18.10.2023 22:39:58   [Delete]   Key = 2   Payload = 0   success
18.10.2023 22:39:59   [Delete]   Key = 3   Payload = 0   success
18.10.2023 22:40:00   [Delete]   Key = Z   Payload = 0   success
18.10.2023 22:40:01   [Delete]   Key = P   Payload = 0   success
18.10.2023 22:40:02   [Delete]   Key = E   Payload = 0   success
18.10.2023 22:40:03   [Delete]   Key = @   Payload = 0   success
18.10.2023 22:40:04   [Delete]   Key = B   Payload = 0   success
18.10.2023 22:40:05   [Delete]   Key = ]   Payload = 0   success
18.10.2023 22:40:06   [Delete]   Key = _   Payload = 0   success
18.10.2023 22:40:07   [Delete]   Key = J   Payload = 0   success
18.10.2023 22:40:08   [Delete]   Key = E   Payload = 0   success
18.10.2023 22:40:09   [Delete]   Key = V   Payload = 0   success
18.10.2023 22:40:10   [Delete]   Key = C   Payload = 0   success
18.10.2023 22:40:11   [Delete]   Key = <   Payload = 0   success
18.10.2023 22:40:12   [Delete]   Key = A   Payload = 0   success
18.10.2023 22:40:13   [Delete]   Key = a   Payload = 0   success
18.10.2023 22:40:14   [Delete]   Key = S   Payload = 0   success
18.10.2023 22:40:15   [Delete]   Key = \   Payload = 0   success
18.10.2023 22:40:16   [Delete]   Key = 3   Payload = 0   success
18.10.2023 22:40:17   [Delete]   Key = ;   Payload = 0   success
18.10.2023 22:40:18   [Delete]   Key = F   Payload = 0   success
18.10.2023 22:40:19   [Delete]   Key = Q   Payload = 0   success
18.10.2023 22:40:20   [Delete]   Key = G   Payload = 0   success
18.10.2023 22:40:21   [Delete]   Key = >   Payload = 0   success
18.10.2023 22:40:22   [Delete]   Key = Y   Payload = 0   success
18.10.2023 22:40:23   [Delete]   Key = ;   Payload = 0   success
18.10.2023 22:40:24   [Delete]   Key = 3   Payload = 0   success
18.10.2023 22:40:25   [Delete]   Key = B   Payload = 0   success
18.10.2023 22:40:26   [Delete]   Key = _   Payload = 0   success
18.10.2023 22:40:27   [Delete]   Key = \   Payload = 0   success
18.10.2023 22:40:28   [Delete]   Key = <   Payload = 0   success
18.10.2023 22:40:29   [Delete]   Key = 7   Payload = 0   error
18.10.2023 22:40:30   [Delete]   Key = U   Payload = 0   error
18.10.2023 22:40:31   [Delete]   Key = 9   Payload = 0   error
18.10.2023 22:40:32   [Delete]   Key = G   Payload = 0   error
18.10.2023 22:40:33   [Delete]   Key = Y   Payload = 0   success
18.10.2023 22:40:34   [Delete]   Key = M   Payload = 0   error
18.10.2023 22:40:35   [Delete]   Key = L   Payload = 0   error
18.10.2023 22:40:36   [Delete]   Key = @   Payload = 0   error
18.10.2023 22:40:37   [Delete]   Key = S   Payload = 0   error
18.10.2023 22:40:38   [Delete]   Key = X   Payload = 0   error
18.10.2023 22:40:49   [Delete]   Key = Z   Payload = 0   error
18.10.2023 22:40:50   [Delete]   Key = V   Payload = 0   error
18.10.2023 22:40:52   [Delete]   Key = 6   Payload = 0   error
19.10.2023 08:25:33   [Delete]   Key = Y   Payload = 0   success
19.10.2023 08:25:34   [Delete]   Key = A   Payload = 0   success
19.10.2023 08:25:35   [Delete]   Key = R   Payload = 0   success
19.10.2023 08:25:36   [Delete]   Key = 0   Payload = 0   success
19.10.2023 08:25:37   [Delete]   Key = C   Payload = 0   success
19.10.2023 08:25:38   [Delete]   Key = H   Payload = 0   success
19.10.2023 08:25:39   [Delete]   Key = L   Payload = 0   success
19.10.2023 08:25:40   [Delete]   Key = 8   Payload = 0   success
19.10.2023 08:25:41   [Delete]   Key = <   Payload = 0   success
19.10.2023 08:25:42   [Delete]   Key = >   Payload = 0   success
19.10.2023 08:25:43   [Delete]   Key = 5   Payload = 0   success
19.10.2023 08:25:44   [Delete]   Key = ]   Payload = 0   success
19.10.2023 08:25:45   [Delete]   Key = O   Payload = 0   success
19.10.2023 08:25:46   [Delete]   Key = K   Payload = 0   success
19.10.2023 08:25:47   [Delete]   Key = ;   Payload = 0   success
19.10.2023 08:25:48   [Delete]   Key = Y   Payload = 0   success
19.10.2023 08:25:49   [Delete]   Key = ]   Payload = 0   success
19.10.2023 08:25:50   [Delete]   Key = Z   Payload = 0   success
19.10.2023 08:25:51   [Delete]   Key = K   Payload = 0   success
19.10.2023 08:25:52   [Delete]   Key = T   Payload = 0   success
19.10.2023 08:25:53   [Delete]   Key = Y   Payload = 0   success
19.10.2023 08:25:54   [Delete]   Key = 4   Payload = 0   success
19.10.2023 08:25:55   [Delete]   Key = 2   Payload = 0   success
19.10.2023 08:25:56   [Delete]   Key = 3   Payload = 0   success
19.10.2023 08:25:57   [Delete]   Key = Z   Payload = 0   success
19.10.2023 08:25:58   [Delete]   Key = P   Payload = 0   success
19.10.2023 08:25:59   [Delete]   Key = E   Payload = 0   success
19.10.2023 08:26:00   [Delete]   Key = @   Payload = 0   success
19.10.2023 08:26:01   [Delete]   Key = B   Payload = 0   success
19.10.2023 08:26:02   [Delete]   Key = ]   Payload = 0   success
19.10.2023 08:26:03   [Delete]   Key = _   Payload = 0   success
19.10.2023 08:26:04   [Delete]   Key = J   Payload = 0   success
19.10.2023 08:26:05   [Delete]   Key = E   Payload = 0   success
19.10.2023 08:26:06   [Delete]   Key = V   Payload = 0   success
19.10.2023 08:26:07   [Delete]   Key = C   Payload = 0   success
19.10.2023 08:26:08   [Delete]   Key = <   Payload = 0   success
19.10.2023 08:26:09   [Delete]   Key = A   Payload = 0   success
19.10.2023 08:26:10   [Delete]   Key = a   Payload = 0   success
19.10.2023 08:26:11   [Delete]   Key = S   Payload = 0   success
19.10.2023 08:26:12   [Delete]   Key = \   Payload = 0   success
19.10.2023 08:26:13   [Delete]   Key = 3   Payload = 0   success
19.10.2023 08:26:16   [Delete]   Key = ;   Payload = 0   success
19.10.2023 08:26:17   [Delete]   Key = F   Payload = 0   success
19.10.2023 08:29:07   [Delete]   Key = Q   Payload = 0   success
19.10.2023 08:29:08   [Delete]   Key = G   Payload = 0   success
19.10.2023 08:29:09   [Delete]   Key = >   Payload = 0   success
19.10.2023 08:29:10   [Delete]   Key = Y   Payload = 0   success
19.10.2023 08:29:11   [Delete]   Key = ;   Payload = 0   success
19.10.2023 08:29:12   [Delete]   Key = 3   Payload = 0   success
19.10.2023 08:29:13   [Delete]   Key = B   Payload = 0   success
19.10.2023 08:29:14   [Delete]   Key = _   Payload = 0   success
19.10.2023 08:29:15   [Delete]   Key = \   Payload = 0   success
19.10.2023 08:29:16   [Delete]   Key = <   Payload = 0   success
19.10.2023 08:29:17   [Delete]   Key = 7   Payload = 0   success
19.10.2023 08:29:18   [Delete]   Key = U   Payload = 0   success
19.10.2023 08:29:19   [Delete]   Key = 9   Payload = 0   success
19.10.2023 08:29:20   [Delete]   Key = G   Payload = 0   success
19.10.2023 08:29:21   [Delete]   Key = Y   Payload = 0   success
19.10.2023 08:29:22   [Delete]   Key = M   Payload = 0   success
19.10.2023 08:29:23   [Delete]   Key = L   Payload = 0   success
19.10.2023 08:29:24   [Delete]   Key = @   Payload = 0   success
19.10.2023 08:29:25   [Delete]   Key = S   Payload = 0   success
19.10.2023 08:29:26   [Delete]   Key = X   Payload = 0   success
19.10.2023 08:29:27   [Delete]   Key = Z   Payload = 0   success
19.10.2023 08:29:28   [Delete]   Key = V   Payload = 0   success
19.10.2023 08:29:29   [Delete]   Key = 6   Payload = 0   success
19.10.2023 08:29:31   [Delete]   Key = X   Payload = 0   success
19.10.2023 08:29:32   [Delete]   Key = Z   Payload = 0   success
19.10.2023 08:29:33   [Delete]   Key = >   Payload = 0   success
19.10.2023 08:29:34   [Delete]   Key = `   Payload = 0   success
19.10.2023 08:29:35   [Delete]   Key = ^   Payload = 0   success
19.10.2023 08:29:36   [Delete]   Key = 5   Payload = 0   success
19.10.2023 08:29:37   [Delete]   Key = X   Payload = 0   success
19.10.2023 08:29:38   [Delete]   Key = M   Payload = 0   success
19.10.2023 08:29:39   [Delete]   Key = D   Payload = 0   success
19.10.2023 08:29:40   [Delete]   Key = 0   Payload = 0   success
19.10.2023 08:29:41   [Delete]   Key = 6   Payload = 0   success
19.10.2023 08:29:42   [Delete]   Key = 1   Payload = 0   success
19.10.2023 08:29:43   [Delete]   Key = [   Payload = 0   success
19.10.2023 08:29:44   [Delete]   Key = `   Payload = 0   success
19.10.2023 08:29:45   [Delete]   Key = M   Payload = 0   success
19.10.2023 08:29:46   [Delete]   Key = G   Payload = 0   success
19.10.2023 08:29:47   [Delete]   Key = R   Payload = 0   success
19.10.2023 08:29:48   [Delete]   Key = 4   Payload = 0   success
19.10.2023 08:29:49   [Delete]   Key = 6   Payload = 0   success
19.10.2023 08:29:50   [Delete]   Key = X   Payload = 0   success
19.10.2023 08:29:51   [Delete]   Key = @   Payload = 0   success
19.10.2023 08:29:52   [Delete]   Key = J   Payload = 0   success
19.10.2023 08:29:53   [Delete]   Key = O   Payload = 0   success
19.10.2023 08:29:54   [Delete]   Key = 8   Payload = 0   success
19.10.2023 08:29:55   [Delete]   Key = \   Payload = 0   success
19.10.2023 08:29:56   [Delete]   Key = W   Payload = 0   success
19.10.2023 08:29:57   [Delete]   Key = J   Payload = 0   success
19.10.2023 08:29:58   [Delete]   Key = G   Payload = 0   success
19.10.2023 08:29:59   [Delete]   Key = U   Payload = 0   success
19.10.2023 08:30:00   [Delete]   Key = V   Payload = 0   success
19.10.2023 08:30:01   [Delete]   Key = B   Payload = 0   success
19.10.2023 08:30:02   [Delete]   Key = P   Payload = 0   success
19.10.2023 08:30:03   [Delete]   Key = M   Payload = 0   success
19.10.2023 08:30:04   [Delete]   Key = Y   Payload = 0   success
19.10.2023 08:30:05   [Delete]   Key = Q   Payload = 0   success
19.10.2023 08:30:06   [Delete]   Key = ?   Payload = 0   success
19.10.2023 08:30:07   [Delete]   Key = W   Payload = 0   success
19.10.2023 08:30:08   [Delete]   Key = 8   Payload = 0   success
19.10.2023 08:30:09   [Delete]   Key = 4   Payload = 0   success
19.10.2023 08:30:10   [Delete]   Key = N   Payload = 0   success
19.10.2023 08:30:11   [Delete]   Key = K   Payload = 0   success
19.10.2023 08:30:12   [Delete]   Key = 6   Payload = 0   success
19.10.2023 08:30:13   [Delete]   Key = G   Payload = 0   success
19.10.2023 08:30:14   [Delete]   Key = T   Payload = 0   success
19.10.2023 08:30:15   [Delete]   Key = E   Payload = 0   success
19.10.2023 08:30:16   [Delete]   Key = ]   Payload = 0   success
19.10.2023 10:06:07   [Delete]   Key = Y   Payload = 0   success
19.10.2023 10:06:08   [Delete]   Key = A   Payload = 0   success
19.10.2023 10:06:09   [Delete]   Key = R   Payload = 0   success
19.10.2023 10:06:10   [Delete]   Key = 0   Payload = 0   success
19.10.2023 10:06:11   [Delete]   Key = C   Payload = 0   success
19.10.2023 10:06:12   [Delete]   Key = H   Payload = 0   success
19.10.2023 10:06:13   [Delete]   Key = L   Payload = 0   success
19.10.2023 10:06:14   [Delete]   Key = 8   Payload = 0   success
19.10.2023 10:06:15   [Delete]   Key = <   Payload = 0   success
19.10.2023 10:06:16   [Delete]   Key = >   Payload = 0   success
19.10.2023 10:06:17   [Delete]   Key = 5   Payload = 0   success
19.10.2023 10:06:18   [Delete]   Key = ]   Payload = 0   success
19.10.2023 10:06:19   [Delete]   Key = O   Payload = 0   success
19.10.2023 10:06:20   [Delete]   Key = K   Payload = 0   success
19.10.2023 10:06:21   [Delete]   Key = ;   Payload = 0   success
19.10.2023 10:06:22   [Delete]   Key = Y   Payload = 0   success
19.10.2023 10:06:23   [Delete]   Key = ]   Payload = 0   success
19.10.2023 10:06:24   [Delete]   Key = Z   Payload = 0   success
19.10.2023 10:06:25   [Delete]   Key = K   Payload = 0   success
19.10.2023 10:06:26   [Delete]   Key = T   Payload = 0   success
19.10.2023 10:06:27   [Delete]   Key = Y   Payload = 0   success
19.10.2023 10:06:28   [Delete]   Key = 4   Payload = 0   success
19.10.2023 10:06:29   [Delete]   Key = 2   Payload = 0   success
19.10.2023 10:06:30   [Delete]   Key = 3   Payload = 0   success
19.10.2023 10:06:31   [Delete]   Key = Z   Payload = 0   success
19.10.2023 10:06:32   [Delete]   Key = P   Payload = 0   success
19.10.2023 10:06:33   [Delete]   Key = E   Payload = 0   success
19.10.2023 10:06:34   [Delete]   Key = @   Payload = 0   success
19.10.2023 10:06:35   [Delete]   Key = B   Payload = 0   success
19.10.2023 10:06:36   [Delete]   Key = ]   Payload = 0   success
19.10.2023 10:06:37   [Delete]   Key = _   Payload = 0   success
19.10.2023 10:06:39   [Delete]   Key = J   Payload = 0   success
19.10.2023 10:06:40   [Delete]   Key = E   Payload = 0   success
19.10.2023 10:06:41   [Delete]   Key = V   Payload = 0   success
19.10.2023 10:06:42   [Delete]   Key = C   Payload = 0   success
19.10.2023 10:06:43   [Delete]   Key = <   Payload = 0   success
19.10.2023 10:06:44   [Delete]   Key = A   Payload = 0   success
19.10.2023 10:06:45   [Delete]   Key = a   Payload = 0   success
19.10.2023 10:06:46   [Delete]   Key = S   Payload = 0   success
19.10.2023 10:06:47   [Delete]   Key = \   Payload = 0   success
19.10.2023 10:06:48   [Delete]   Key = 3   Payload = 0   success
19.10.2023 10:06:49   [Delete]   Key = ;   Payload = 0   success
19.10.2023 10:06:50   [Delete]   Key = F   Payload = 0   success
19.10.2023 10:06:51   [Delete]   Key = Q   Payload = 0   success
19.10.2023 10:06:52   [Delete]   Key = G   Payload = 0   success
19.10.2023 10:06:53   [Delete]   Key = >   Payload = 0   success
19.10.2023 10:06:54   [Delete]   Key = Y   Payload = 0   success
19.10.2023 10:06:55   [Delete]   Key = ;   Payload = 0   success
19.10.2023 10:06:56   [Delete]   Key = 3   Payload = 0   success
19.10.2023 10:06:57   [Delete]   Key = B   Payload = 0   success
19.10.2023 10:06:58   [Delete]   Key = _   Payload = 0   success
19.10.2023 10:06:59   [Delete]   Key = \   Payload = 0   success
19.10.2023 10:07:00   [Delete]   Key = <   Payload = 0   success
19.10.2023 10:07:01   [Delete]   Key = 7   Payload = 0   success
19.10.2023 10:07:02   [Delete]   Key = U   Payload = 0   success
19.10.2023 10:07:03   [Delete]   Key = 9   Payload = 0   success
19.10.2023 10:07:04   [Delete]   Key = G   Payload = 0   success
19.10.2023 10:07:05   [Delete]   Key = Y   Payload = 0   success
19.10.2023 10:07:06   [Delete]   Key = M   Payload = 0   success
19.10.2023 10:07:07   [Delete]   Key = L   Payload = 0   success
19.10.2023 10:07:08   [Delete]   Key = @   Payload = 0   success
19.10.2023 10:07:09   [Delete]   Key = S   Payload = 0   success
19.10.2023 10:07:10   [Delete]   Key = X   Payload = 0   success
19.10.2023 10:07:11   [Delete]   Key = Z   Payload = 0   success
19.10.2023 10:07:12   [Delete]   Key = V   Payload = 0   success
19.10.2023 10:07:13   [Delete]   Key = 6   Payload = 0   success
19.10.2023 10:07:14   [Delete]   Key = X   Payload = 0   success
19.10.2023 10:07:15   [Delete]   Key = Z   Payload = 0   success
19.10.2023 10:07:16   [Delete]   Key = >   Payload = 0   success
19.10.2023 10:07:17   [Delete]   Key = `   Payload = 0   success
19.10.2023 10:07:18   [Delete]   Key = ^   Payload = 0   success
19.10.2023 10:07:19   [Delete]   Key = 5   Payload = 0   success
19.10.2023 10:07:20   [Delete]   Key = X   Payload = 0   success
19.10.2023 10:07:21   [Delete]   Key = M   Payload = 0   success
19.10.2023 10:07:22   [Delete]   Key = D   Payload = 0   success
19.10.2023 10:07:23   [Delete]   Key = 0   Payload = 0   success
19.10.2023 10:07:24   [Delete]   Key = 6   Payload = 0   success
19.10.2023 10:07:25   [Delete]   Key = 1   Payload = 0   success
19.10.2023 10:07:26   [Delete]   Key = [   Payload = 0   success
19.10.2023 10:07:27   [Delete]   Key = `   Payload = 0   success
19.10.2023 10:07:28   [Delete]   Key = M   Payload = 0   success
19.10.2023 10:07:29   [Delete]   Key = G   Payload = 0   success
19.10.2023 10:07:30   [Delete]   Key = R   Payload = 0   error
19.10.2023 10:07:31   [Delete]   Key = 4   Payload = 0   error
19.10.2023 10:07:32   [Delete]   Key = 6   Payload = 0   error
19.10.2023 10:07:33   [Delete]   Key = X   Payload = 0   error
19.10.2023 10:07:34   [Delete]   Key = @   Payload = 0   error
19.10.2023 10:07:35   [Delete]   Key = J   Payload = 0   error
19.10.2023 10:07:36   [Delete]   Key = O   Payload = 0   error
19.10.2023 10:07:37   [Delete]   Key = 8   Payload = 0   error
19.10.2023 10:07:38   [Delete]   Key = \   Payload = 0   error
19.10.2023 10:07:39   [Delete]   Key = W   Payload = 0   error
19.10.2023 10:07:40   [Delete]   Key = J   Payload = 0   error
19.10.2023 10:07:41   [Delete]   Key = G   Payload = 0   error
19.10.2023 10:07:42   [Delete]   Key = U   Payload = 0   error
19.10.2023 10:07:43   [Delete]   Key = V   Payload = 0   error
19.10.2023 10:07:44   [Delete]   Key = B   Payload = 0   error
19.10.2023 10:07:45   [Delete]   Key = P   Payload = 0   error
19.10.2023 10:07:46   [Delete]   Key = M   Payload = 0   error
19.10.2023 10:07:47   [Delete]   Key = Y   Payload = 0   error
19.10.2023 10:07:48   [Delete]   Key = Q   Payload = 0   error
19.10.2023 10:07:49   [Delete]   Key = ?   Payload = 0   error
19.10.2023 10:07:50   [Delete]   Key = W   Payload = 0   error
19.10.2023 10:07:51   [Delete]   Key = 8   Payload = 0   error
19.10.2023 10:07:52   [Delete]   Key = 4   Payload = 0   error
19.10.2023 10:07:53   [Delete]   Key = N   Payload = 0   error
19.10.2023 10:07:54   [Delete]   Key = K   Payload = 0   error
19.10.2023 10:07:55   [Delete]   Key = 6   Payload = 0   error
19.10.2023 10:07:56   [Delete]   Key = G   Payload = 0   error
19.10.2023 10:07:57   [Delete]   Key = T   Payload = 0   error
19.10.2023 10:07:58   [Delete]   Key = E   Payload = 0   error
19.10.2023 10:07:59   [Delete]   Key = ]   Payload = 0   error
19.10.2023 10:08:00   [Delete]   Key = H   Payload = 0   error
19.10.2023 10:08:01   [Delete]   Key = F   Payload = 0   error
19.10.2023 10:08:02   [Delete]   Key = D   Payload = 0   error
19.10.2023 10:08:03   [Delete]   Key = M   Payload = 0   error
19.10.2023 10:08:04   [Delete]   Key = K   Payload = 0   error
19.10.2023 10:08:05   [Delete]   Key = G   Payload = 0   error
19.10.2023 10:08:06   [Delete]   Key = _   Payload = 0   error
19.10.2023 10:08:07   [Delete]   Key = <   Payload = 0   error
19.10.2023 10:08:10   [Delete]   Key = T   Payload = 0   error
19.10.2023 10:08:11   [Delete]   Key = X   Payload = 0   error
19.10.2023 10:08:12   [Delete]   Key = ;   Payload = 0   error
19.10.2023 10:08:13   [Delete]   Key = T   Payload = 0   error
19.10.2023 10:08:14   [Delete]   Key = 5   Payload = 0   error
19.10.2023 10:08:15   [Delete]   Key = A   Payload = 0   error
19.10.2023 10:08:16   [Delete]   Key = 5   Payload = 0   error
19.10.2023 10:08:17   [Delete]   Key = H   Payload = 0   error
19.10.2023 10:08:18   [Delete]   Key = O   Payload = 0   error
19.10.2023 10:08:19   [Delete]   Key = 2   Payload = 0   error
19.10.2023 10:08:20   [Delete]   Key = 0   Payload = 0   error
19.10.2023 10:08:21   [Delete]   Key = 0   Payload = 0   error
19.10.2023 10:08:22   [Delete]   Key = Y   Payload = 0   error
19.10.2023 10:08:23   [Delete]   Key = H   Payload = 0   error
19.10.2023 10:08:24   [Delete]   Key = @   Payload = 0   error
19.10.2023 10:08:25   [Delete]   Key = N   Payload = 0   error
19.10.2023 10:08:26   [Delete]   Key = 7   Payload = 0   error
19.10.2023 10:08:27   [Delete]   Key = Y   Payload = 0   error
19.10.2023 10:08:28   [Delete]   Key = 7   Payload = 0   error
19.10.2023 10:08:29   [Delete]   Key = U   Payload = 0   error
19.10.2023 10:08:30   [Delete]   Key = 7   Payload = 0   error
19.10.2023 10:08:31   [Delete]   Key = U   Payload = 0   error
19.10.2023 10:08:32   [Delete]   Key = 3   Payload = 0   error
19.10.2023 10:08:33   [Delete]   Key = Q   Payload = 0   error
19.10.2023 10:08:34   [Delete]   Key = ]   Payload = 0   error
19.10.2023 10:08:35   [Delete]   Key = 9   Payload = 0   error
19.10.2023 10:08:36   [Delete]   Key = 9   Payload = 0   error
19.10.2023 10:08:37   [Delete]   Key = 8   Payload = 0   error
19.10.2023 10:08:38   [Delete]   Key = E   Payload = 0   error
19.10.2023 10:08:39   [Delete]   Key = V   Payload = 0   error
19.10.2023 10:08:40   [Delete]   Key = F   Payload = 0   error
19.10.2023 10:08:41   [Delete]   Key = ^   Payload = 0   error
19.10.2023 10:08:42   [Delete]   Key = 6   Payload = 0   error
19.10.2023 10:08:43   [Delete]   Key = N   Payload = 0   error
19.10.2023 10:08:44   [Delete]   Key = =   Payload = 0   error
19.10.2023 10:08:45   [Delete]   Key = B   Payload = 0   error
19.10.2023 10:08:46   [Delete]   Key = 0   Payload = 0   error
19.10.2023 10:08:48   [Delete]   Key = Y   Payload = 0   error
19.10.2023 10:08:49   [Delete]   Key = <   Payload = 0   error
19.10.2023 10:08:50   [Delete]   Key = 5   Payload = 0   error
19.10.2023 10:08:51   [Delete]   Key = :   Payload = 0   error
19.10.2023 10:08:52   [Delete]   Key = 9   Payload = 0   error
19.10.2023 10:08:53   [Delete]   Key = H   Payload = 0   error
19.10.2023 10:08:54   [Delete]   Key = U   Payload = 0   error
19.10.2023 10:08:55   [Delete]   Key = `   Payload = 0   error
19.10.2023 10:08:56   [Delete]   Key = Q   Payload = 0   error
19.10.2023 10:08:57   [Delete]   Key = ]   Payload = 0   error
19.10.2023 10:08:58   [Delete]   Key = Y   Payload = 0   error
19.10.2023 10:08:59   [Delete]   Key = 2   Payload = 0   error
19.10.2023 10:09:00   [Delete]   Key = 0   Payload = 0   error
19.10.2023 10:09:01   [Delete]   Key = Y   Payload = 0   error
19.10.2023 10:09:02   [Delete]   Key = T   Payload = 0   error
19.10.2023 10:09:03   [Delete]   Key = H   Payload = 0   error
19.10.2023 10:09:04   [Delete]   Key = D   Payload = 0   error
19.10.2023 10:09:05   [Delete]   Key = ^   Payload = 0   error
19.10.2023 10:09:06   [Delete]   Key = E   Payload = 0   error
19.10.2023 10:09:07   [Delete]   Key = `   Payload = 0   error
19.10.2023 10:09:08   [Delete]   Key = a   Payload = 0   error
19.10.2023 10:09:09   [Delete]   Key = B   Payload = 0   error
19.10.2023 10:09:10   [Delete]   Key = R   Payload = 0   error
19.10.2023 10:09:11   [Delete]   Key = O   Payload = 0   error
19.10.2023 10:09:12   [Delete]   Key = R   Payload = 0   error
19.10.2023 10:09:13   [Delete]   Key = 3   Payload = 0   error
19.10.2023 10:09:14   [Delete]   Key = a   Payload = 0   error
19.10.2023 10:09:15   [Delete]   Key = B   Payload = 0   error
19.10.2023 10:09:16   [Delete]   Key = V   Payload = 0   error
19.10.2023 10:09:17   [Delete]   Key = 0   Payload = 0   error
19.10.2023 10:09:18   [Delete]   Key = V   Payload = 0   error
19.10.2023 10:09:19   [Delete]   Key = K   Payload = 0   error
19.10.2023 10:09:20   [Delete]   Key = A   Payload = 0   error
19.10.2023 10:09:21   [Delete]   Key = L   Payload = 0   error
19.10.2023 10:09:22   [Delete]   Key = [   Payload = 0   error
19.10.2023 10:09:23   [Delete]   Key = `   Payload = 0   error
19.10.2023 10:09:24   [Delete]   Key = Q   Payload = 0   error
19.10.2023 10:09:25   [Delete]   Key = 7   Payload = 0   error
19.10.2023 10:09:26   [Delete]   Key = E   Payload = 0   error
19.10.2023 10:09:27   [Delete]   Key = :   Payload = 0   error
19.10.2023 10:09:28   [Delete]   Key = A   Payload = 0   error
19.10.2023 10:09:29   [Delete]   Key = =   Payload = 0   error
19.10.2023 10:09:30   [Delete]   Key = >   Payload = 0   error
19.10.2023 10:09:31   [Delete]   Key = 9   Payload = 0   error
19.10.2023 10:09:32   [Delete]   Key = @   Payload = 0   error
19.10.2023 10:09:33   [Delete]   Key = S   Payload = 0   error
19.10.2023 10:09:34   [Delete]   Key = 1   Payload = 0   error
19.10.2023 10:09:35   [Delete]   Key = 0   Payload = 0   error
19.10.2023 10:09:36   [Delete]   Key = a   Payload = 0   error
19.10.2023 10:09:37   [Delete]   Key = C   Payload = 0   error
19.10.2023 10:09:38   [Delete]   Key = 6   Payload = 0   error
19.10.2023 10:09:39   [Delete]   Key = `   Payload = 0   error
19.10.2023 10:09:40   [Delete]   Key = 3   Payload = 0   error
19.10.2023 10:09:41   [Delete]   Key = H   Payload = 0   error
19.10.2023 10:09:42   [Delete]   Key = 8   Payload = 0   error
19.10.2023 10:09:43   [Delete]   Key = \   Payload = 0   error
19.10.2023 10:09:44   [Delete]   Key = 9   Payload = 0   error
19.10.2023 10:09:45   [Delete]   Key = W   Payload = 0   error
19.10.2023 10:09:46   [Delete]   Key = 2   Payload = 0   error
19.10.2023 10:09:47   [Delete]   Key = ]   Payload = 0   error
19.10.2023 10:09:48   [Delete]   Key = S   Payload = 0   error
19.10.2023 10:09:49   [Delete]   Key = [   Payload = 0   error
19.10.2023 10:09:50   [Delete]   Key = [   Payload = 0   error
19.10.2023 10:09:51   [Delete]   Key = G   Payload = 0   error
19.10.2023 10:09:52   [Delete]   Key = U   Payload = 0   error
19.10.2023 10:09:53   [Delete]   Key = >   Payload = 0   error
19.10.2023 10:09:54   [Delete]   Key = 3   Payload = 0   error
19.10.2023 10:09:55   [Delete]   Key = `   Payload = 0   error
19.10.2023 10:09:56   [Delete]   Key = 0   Payload = 0   error
19.10.2023 10:09:57   [Delete]   Key = 8   Payload = 0   error
19.10.2023 10:09:58   [Delete]   Key = B   Payload = 0   error
19.10.2023 10:09:59   [Delete]   Key = N   Payload = 0   error
19.10.2023 10:10:00   [Delete]   Key = ^   Payload = 0   error
19.10.2023 10:10:01   [Delete]   Key = `   Payload = 0   error
19.10.2023 10:10:02   [Delete]   Key = O   Payload = 0   error
19.10.2023 10:10:03   [Delete]   Key = W   Payload = 0   error
19.10.2023 10:10:04   [Delete]   Key = `   Payload = 0   error
19.10.2023 10:10:05   [Delete]   Key = 9   Payload = 0   error
19.10.2023 10:10:06   [Delete]   Key = 7   Payload = 0   error
19.10.2023 10:10:07   [Delete]   Key = F   Payload = 0   error
19.10.2023 10:10:08   [Delete]   Key = F   Payload = 0   error
19.10.2023 10:10:09   [Delete]   Key = V   Payload = 0   error
19.10.2023 10:10:10   [Delete]   Key = Z   Payload = 0   error
19.10.2023 10:10:11   [Delete]   Key = V   Payload = 0   error
19.10.2023 10:10:12   [Delete]   Key = M   Payload = 0   error
19.10.2023 10:10:13   [Delete]   Key = X   Payload = 0   error
19.10.2023 10:10:14   [Delete]   Key = 7   Payload = 0   error
19.10.2023 10:10:15   [Delete]   Key = 8   Payload = 0   error
19.10.2023 10:10:16   [Delete]   Key = Y   Payload = 0   error
19.10.2023 10:10:17   [Delete]   Key = ?   Payload = 0   error
19.10.2023 10:10:18   [Delete]   Key = V   Payload = 0   error
19.10.2023 10:10:19   [Delete]   Key = 6   Payload = 0   error
19.10.2023 10:10:20   [Delete]   Key = ;   Payload = 0   error
19.10.2023 10:10:21   [Delete]   Key = 2   Payload = 0   error
19.10.2023 10:10:22   [Delete]   Key = R   Payload = 0   error
19.10.2023 10:10:23   [Delete]   Key = F   Payload = 0   error
19.10.2023 10:10:24   [Delete]   Key = 5   Payload = 0   error
19.10.2023 10:10:25   [Delete]   Key = L   Payload = 0   error
19.10.2023 10:10:26   [Delete]   Key = ^   Payload = 0   error
19.10.2023 10:10:27   [Delete]   Key = <   Payload = 0   error
19.10.2023 10:10:28   [Delete]   Key = T   Payload = 0   error
19.10.2023 10:10:30   [Delete]   Key = I   Payload = 0   error
19.10.2023 10:10:31   [Delete]   Key = Q   Payload = 0   error
19.10.2023 10:10:32   [Delete]   Key = C   Payload = 0   error
19.10.2023 10:10:33   [Delete]   Key = Z   Payload = 0   error
19.10.2023 10:10:34   [Delete]   Key = \   Payload = 0   error
19.10.2023 10:10:35   [Delete]   Key = @   Payload = 0   error
19.10.2023 10:10:36   [Delete]   Key = O   Payload = 0   error
19.10.2023 10:10:37   [Delete]   Key = `   Payload = 0   error
19.10.2023 10:10:38   [Delete]   Key = F   Payload = 0   error
19.10.2023 10:10:39   [Delete]   Key = 1   Payload = 0   error
19.10.2023 10:10:40   [Delete]   Key = E   Payload = 0   error
19.10.2023 10:10:41   [Delete]   Key = a   Payload = 0   error
19.10.2023 10:10:42   [Delete]   Key = 7   Payload = 0   error
19.10.2023 10:10:43   [Delete]   Key = J   Payload = 0   error
19.10.2023 10:10:44   [Delete]   Key = Z   Payload = 0   error
19.10.2023 10:10:45   [Delete]   Key = W   Payload = 0   error
19.10.2023 10:10:46   [Delete]   Key = I   Payload = 0   error
19.10.2023 10:10:47   [Delete]   Key = <   Payload = 0   error
19.10.2023 10:10:48   [Delete]   Key = 0   Payload = 0   error
19.10.2023 10:10:49   [Delete]   Key = :   Payload = 0   error
19.10.2023 10:10:50   [Delete]   Key = 3   Payload = 0   error
19.10.2023 10:10:51   [Delete]   Key = C   Payload = 0   error
19.10.2023 10:10:52   [Delete]   Key = ;   Payload = 0   error
19.10.2023 10:10:53   [Delete]   Key = V   Payload = 0   error
19.10.2023 10:10:54   [Delete]   Key = 1   Payload = 0   error
19.10.2023 10:10:55   [Delete]   Key = W   Payload = 0   error
19.10.2023 10:10:56   [Delete]   Key = 5   Payload = 0   error
19.10.2023 10:10:57   [Delete]   Key = G   Payload = 0   error
19.10.2023 10:10:58   [Delete]   Key = 2   Payload = 0   error
19.10.2023 10:10:59   [Delete]   Key = S   Payload = 0   error
19.10.2023 10:11:00   [Delete]   Key = P   Payload = 0   error
19.10.2023 10:11:01   [Delete]   Key = S   Payload = 0   error
19.10.2023 10:11:02   [Delete]   Key = V   Payload = 0   error
19.10.2023 10:11:03   [Delete]   Key = J   Payload = 0   error
19.10.2023 10:11:04   [Delete]   Key = A   Payload = 0   error
19.10.2023 10:11:05   [Delete]   Key = 7   Payload = 0   error
19.10.2023 10:11:06   [Delete]   Key = P   Payload = 0   error
19.10.2023 10:11:07   [Delete]   Key = P   Payload = 0   error
19.10.2023 10:11:08   [Delete]   Key = C   Payload = 0   error
19.10.2023 10:11:09   [Delete]   Key = 4   Payload = 0   error
19.10.2023 10:11:10   [Delete]   Key = E   Payload = 0   error
19.10.2023 10:11:11   [Delete]   Key = W   Payload = 0   error
19.10.2023 10:11:12   [Delete]   Key = J   Payload = 0   error
19.10.2023 10:11:13   [Delete]   Key = M   Payload = 0   error
19.10.2023 10:11:14   [Delete]   Key = B   Payload = 0   error
19.10.2023 10:11:15   [Delete]   Key = Z   Payload = 0   error
19.10.2023 10:11:16   [Delete]   Key = I   Payload = 0   error
19.10.2023 10:11:17   [Delete]   Key = 5   Payload = 0   error
19.10.2023 10:11:18   [Delete]   Key = R   Payload = 0   error
19.10.2023 10:11:19   [Delete]   Key = a   Payload = 0   error
19.10.2023 10:11:20   [Delete]   Key = Y   Payload = 0   error
19.10.2023 10:11:21   [Delete]   Key = <   Payload = 0   error
19.10.2023 10:11:22   [Delete]   Key = ]   Payload = 0   error
19.10.2023 10:11:23   [Delete]   Key = :   Payload = 0   error
19.10.2023 10:11:24   [Delete]   Key = B   Payload = 0   error
19.10.2023 10:11:25   [Delete]   Key = 3   Payload = 0   error
19.10.2023 10:11:26   [Delete]   Key = W   Payload = 0   error
19.10.2023 10:11:27   [Delete]   Key = G   Payload = 0   error
19.10.2023 10:11:28   [Delete]   Key = M   Payload = 0   error
19.10.2023 10:11:29   [Delete]   Key = ^   Payload = 0   error
19.10.2023 10:11:30   [Delete]   Key = U   Payload = 0   error
19.10.2023 10:11:31   [Delete]   Key = M   Payload = 0   error
19.10.2023 10:11:32   [Delete]   Key = a   Payload = 0   error
19.10.2023 10:11:33   [Delete]   Key = U   Payload = 0   error
19.10.2023 10:11:34   [Delete]   Key = @   Payload = 0   error
19.10.2023 10:11:35   [Delete]   Key = a   Payload = 0   error
19.10.2023 10:11:36   [Delete]   Key = [   Payload = 0   error
19.10.2023 10:11:37   [Delete]   Key = ]   Payload = 0   error
19.10.2023 10:11:38   [Delete]   Key = _   Payload = 0   error
19.10.2023 10:11:39   [Delete]   Key = @   Payload = 0   error
19.10.2023 10:11:40   [Delete]   Key = T   Payload = 0   error
19.10.2023 10:11:41   [Delete]   Key = 5   Payload = 0   error
19.10.2023 10:11:42   [Delete]   Key = V   Payload = 0   error
19.10.2023 10:11:43   [Delete]   Key = P   Payload = 0   error
19.10.2023 10:11:44   [Delete]   Key = 5   Payload = 0   error
19.10.2023 10:11:45   [Delete]   Key = R   Payload = 0   error
19.10.2023 10:11:46   [Delete]   Key = >   Payload = 0   error
19.10.2023 10:11:47   [Delete]   Key = 1   Payload = 0   error
19.10.2023 10:11:48   [Delete]   Key = @   Payload = 0   error
19.10.2023 10:11:49   [Delete]   Key = E   Payload = 0   error
19.10.2023 10:11:50   [Delete]   Key = T   Payload = 0   error
19.10.2023 10:11:51   [Delete]   Key = =   Payload = 0   error
19.10.2023 10:11:52   [Delete]   Key = =   Payload = 0   error
19.10.2023 10:11:53   [Delete]   Key = 5   Payload = 0   error
19.10.2023 10:11:54   [Delete]   Key = S   Payload = 0   error
19.10.2023 10:11:55   [Delete]   Key = 3   Payload = 0   error
19.10.2023 10:11:56   [Delete]   Key = <   Payload = 0   error
19.10.2023 10:11:57   [Delete]   Key = 8   Payload = 0   error
19.10.2023 10:11:58   [Delete]   Key = P   Payload = 0   error
19.10.2023 10:11:59   [Delete]   Key = ]   Payload = 0   error
19.10.2023 10:12:00   [Delete]   Key = =   Payload = 0   error
19.10.2023 10:12:01   [Delete]   Key = 6   Payload = 0   error
19.10.2023 10:12:02   [Delete]   Key = E   Payload = 0   error
19.10.2023 10:12:03   [Delete]   Key = 8   Payload = 0   error
19.10.2023 10:12:04   [Delete]   Key = ^   Payload = 0   error
19.10.2023 10:12:05   [Delete]   Key = P   Payload = 0   error
19.10.2023 10:12:07   [Delete]   Key = O   Payload = 0   error
19.10.2023 10:12:08   [Delete]   Key = \   Payload = 0   error
19.10.2023 10:12:09   [Delete]   Key = ^   Payload = 0   error
19.10.2023 10:12:10   [Delete]   Key = F   Payload = 0   error
19.10.2023 10:12:11   [Delete]   Key = M   Payload = 0   error
19.10.2023 10:12:12   [Delete]   Key = ;   Payload = 0   error
19.10.2023 10:12:13   [Delete]   Key = S   Payload = 0   error
19.10.2023 10:12:14   [Delete]   Key = 0   Payload = 0   error
19.10.2023 10:12:15   [Delete]   Key = G   Payload = 0   error
19.10.2023 10:12:16   [Delete]   Key = @   Payload = 0   error
19.10.2023 10:12:17   [Delete]   Key = \   Payload = 0   error
19.10.2023 10:12:18   [Delete]   Key = 9   Payload = 0   error
19.10.2023 10:12:19   [Delete]   Key = Z   Payload = 0   error
19.10.2023 10:12:20   [Delete]   Key = W   Payload = 0   error
19.10.2023 10:12:21   [Delete]   Key = 3   Payload = 0   error
19.10.2023 10:12:22   [Delete]   Key = H   Payload = 0   error
19.10.2023 10:12:23   [Delete]   Key = 4   Payload = 0   error
19.10.2023 10:12:24   [Delete]   Key = :   Payload = 0   error
19.10.2023 10:12:25   [Delete]   Key = ]   Payload = 0   error
19.10.2023 10:12:26   [Delete]   Key = a   Payload = 0   error
19.10.2023 10:12:27   [Delete]   Key = T   Payload = 0   error
19.10.2023 10:12:28   [Delete]   Key = =   Payload = 0   error
19.10.2023 10:12:29   [Delete]   Key = H   Payload = 0   error
19.10.2023 10:12:30   [Delete]   Key = F   Payload = 0   error
19.10.2023 10:12:31   [Delete]   Key = B   Payload = 0   error
19.10.2023 10:12:32   [Delete]   Key = B   Payload = 0   error
19.10.2023 10:12:33   [Delete]   Key = U   Payload = 0   error
19.10.2023 10:12:34   [Delete]   Key = 5   Payload = 0   error
19.10.2023 10:12:35   [Delete]   Key = 8   Payload = 0   error
19.10.2023 10:12:36   [Delete]   Key = Y   Payload = 0   error
19.10.2023 10:12:37   [Delete]   Key = 2   Payload = 0   error
19.10.2023 10:12:38   [Delete]   Key = I   Payload = 0   error
19.10.2023 10:12:39   [Delete]   Key = K   Payload = 0   error
19.10.2023 10:12:40   [Delete]   Key = >   Payload = 0   error
19.10.2023 10:12:41   [Delete]   Key = >   Payload = 0   error
19.10.2023 10:12:42   [Delete]   Key = H   Payload = 0   error
19.10.2023 10:12:43   [Delete]   Key = R   Payload = 0   error
19.10.2023 10:12:44   [Delete]   Key = H   Payload = 0   error
19.10.2023 10:12:45   [Delete]   Key = F   Payload = 0   error
19.10.2023 10:12:46   [Delete]   Key = 9   Payload = 0   error
19.10.2023 10:12:47   [Delete]   Key = Q   Payload = 0   error
19.10.2023 10:12:48   [Delete]   Key = D   Payload = 0   error
19.10.2023 10:12:49   [Delete]   Key = U   Payload = 0   error
19.10.2023 10:12:50   [Delete]   Key = _   Payload = 0   error
19.10.2023 10:12:51   [Delete]   Key = B   Payload = 0   error
19.10.2023 10:12:52   [Delete]   Key = K   Payload = 0   error
19.10.2023 10:12:53   [Delete]   Key = G   Payload = 0   error
19.10.2023 10:12:54   [Delete]   Key = D   Payload = 0   error
19.10.2023 10:12:55   [Delete]   Key = =   Payload = 0   error
19.10.2023 10:12:56   [Delete]   Key = B   Payload = 0   error
19.10.2023 10:12:57   [Delete]   Key = Z   Payload = 0   error
19.10.2023 10:12:58   [Delete]   Key = S   Payload = 0   error
19.10.2023 10:12:59   [Delete]   Key = 2   Payload = 0   error
19.10.2023 10:13:00   [Delete]   Key = N   Payload = 0   error
19.10.2023 10:13:01   [Delete]   Key = =   Payload = 0   error
19.10.2023 10:13:02   [Delete]   Key = K   Payload = 0   error
19.10.2023 10:13:03   [Delete]   Key = 2   Payload = 0   error
19.10.2023 10:13:04   [Delete]   Key = a   Payload = 0   error
19.10.2023 10:13:05   [Delete]   Key = K   Payload = 0   error
19.10.2023 10:13:06   [Delete]   Key = I   Payload = 0   error
19.10.2023 10:13:07   [Delete]   Key = [   Payload = 0   error
19.10.2023 10:13:08   [Delete]   Key = H   Payload = 0   error
19.10.2023 10:13:09   [Delete]   Key = G   Payload = 0   error
19.10.2023 10:13:10   [Delete]   Key = F   Payload = 0   error
19.10.2023 10:13:11   [Delete]   Key = ;   Payload = 0   error
19.10.2023 10:13:12   [Delete]   Key = O   Payload = 0   error
19.10.2023 10:13:13   [Delete]   Key = 3   Payload = 0   error
19.10.2023 10:13:14   [Delete]   Key = P   Payload = 0   error
19.10.2023 10:13:15   [Delete]   Key = 5   Payload = 0   error
19.10.2023 10:13:16   [Delete]   Key = [   Payload = 0   error
19.10.2023 10:13:17   [Delete]   Key = I   Payload = 0   error
19.10.2023 10:13:18   [Delete]   Key = O   Payload = 0   error
19.10.2023 10:13:19   [Delete]   Key = Z   Payload = 0   error
19.10.2023 10:13:20   [Delete]   Key = Z   Payload = 0   error
19.10.2023 10:13:21   [Delete]   Key = F   Payload = 0   error
19.10.2023 10:13:22   [Delete]   Key = T   Payload = 0   error
19.10.2023 10:13:23   [Delete]   Key = >   Payload = 0   error
19.10.2023 10:13:24   [Delete]   Key = 0   Payload = 0   error
19.10.2023 10:13:25   [Delete]   Key = U   Payload = 0   error
19.10.2023 10:13:26   [Delete]   Key = :   Payload = 0   error
19.10.2023 10:13:27   [Delete]   Key = =   Payload = 0   error
