   Operation:Update   Key = Y   Old payload = 17   New payload = 18   success
   Operation:Update   Key = A   Old payload = 8   New payload = 9   success
   Operation:Update   Key = R   Old payload = 6   New payload = 7   success
   Operation:Update   Key = 0   Old payload = 6   New payload = 7   success
   Operation:Update   Key = C   Old payload = 8   New payload = 9   success
   Operation:Update   Key = H   Old payload = 5   New payload = 6   success
   Operation:Update   Key = L   Old payload = 5   New payload = 6   success
   Operation:Update   Key = 8   Old payload = 5   New payload = 6   success
   Operation:Update   Key = <   Old payload = 7   New payload = 8   success
   Operation:Update   Key = >   Old payload = 5   New payload = 6   success
   Operation:Update   Key = 5   Old payload = 5   New payload = 6   success
   Operation:Update   Key = ]   Old payload = 10   New payload = 11   success
   Operation:Update   Key = O   Old payload = 4   New payload = 5   success
   Operation:Update   Key = K   Old payload = 7   New payload = 8   success
   Operation:Update   Key = ;   Old payload = 4   New payload = 5   success
   Operation:Update   Key = Y   Old payload = 18   New payload = 19   success
   Operation:Update   Key = ]   Old payload = 11   New payload = 12   success
   Operation:Update   Key = Z   Old payload = 5   New payload = 6   success
   Operation:Update   Key = K   Old payload = 8   New payload = 9   success
   Operation:Update   Key = T   Old payload = 3   New payload = 4   success
   Operation:Update   Key = Y   Old payload = 19   New payload = 20   success
   Operation:Update   Key = 4   Old payload = 3   New payload = 4   success
   Operation:Update   Key = 2   Old payload = 3   New payload = 4   success
   Operation:Update   Key = 3   Old payload = 4   New payload = 5   success
   Operation:Update   Key = Z   Old payload = 6   New payload = 7   success
   Operation:Update   Key = P   Old payload = 2   New payload = 3   success
   Operation:Update   Key = E   Old payload = 4   New payload = 5   success
   Operation:Update   Key = @   Old payload = 2   New payload = 3   success
   Operation:Update   Key = B   Old payload = 2   New payload = 3   success
   Operation:Update   Key = ]   Old payload = 12   New payload = 13   success
   Operation:Update   Key = _   Old payload = 2   New payload = 3   success
   Operation:Update   Key = J   Old payload = 2   New payload = 3   success
   Operation:Update   Key = E   Old payload = 5   New payload = 6   success
   Operation:Update   Key = V   Old payload = 2   New payload = 3   success
   Operation:Update   Key = C   Old payload = 9   New payload = 10   success
   Operation:Update   Key = <   Old payload = 8   New payload = 9   success
   Operation:Update   Key = A   Old payload = 9   New payload = 10   success
   Operation:Update   Key = a   Old payload = 1   New payload = 2   success
   Operation:Update   Key = S   Old payload = 1   New payload = 2   success
   Operation:Update   Key = \   Old payload = 1   New payload = 2   success
   Operation:Update   Key = 3   Old payload = 5   New payload = 6   success
   Operation:Update   Key = ;   Old payload = 5   New payload = 6   success
   Operation:Update   Key = F   Old payload = 1   New payload = 2   success
   Operation:Update   Key = Q   Old payload = 0   New payload = 1   success
   Operation:Update   Key = G   Old payload = 0   New payload = 1   success
   Operation:Update   Key = >   Old payload = 6   New payload = 7   success
   Operation:Update   Key = Y   Old payload = 20   New payload = 21   success
   Operation:Update   Key = ;   Old payload = 6   New payload = 7   success
   Operation:Update   Key = 3   Old payload = 6   New payload = 7   success
   Operation:Update   Key = B   Old payload = 3   New payload = 4   success
   Operation:Update   Key = _   Old payload = 3   New payload = 4   success
   Operation:Update   Key = \   Old payload = 2   New payload = 3   success
   Operation:Update   Key = <   Old payload = 9   New payload = 10   success
   Operation:Update   Key = 7   Old payload = 0   New payload = 1   success
   Operation:Update   Key = U   Old payload = 0   New payload = 1   success
   Operation:Update   Key = 9   Old payload = 0   New payload = 1   success
   Operation:Update   Key = G   Old payload = 1   New payload = 2   success
   Operation:Update   Key = Y   Old payload = 21   New payload = 22   success
   Operation:Update   Key = M   Old payload = 0   New payload = 1   success
   Operation:Update   Key = L   Old payload = 6   New payload = 7   success
   Operation:Update   Key = @   Old payload = 3   New payload = 4   success
   Operation:Update   Key = S   Old payload = 2   New payload = 3   success
   Operation:Update   Key = X   Old payload = 0   New payload = 1   success
   Operation:Update   Key = Z   Old payload = 7   New payload = 8   success
   Operation:Update   Key = V   Old payload = 3   New payload = 4   success
   Operation:Update   Key = 6   Old payload = 0   New payload = 1   success
   Operation:Update   Key = X   Old payload = 1   New payload = 2   success
   Operation:Update   Key = Z   Old payload = 8   New payload = 9   success
   Operation:Update   Key = >   Old payload = 7   New payload = 8   success
   Operation:Update   Key = `   Old payload = 0   New payload = 1   success
   Operation:Update   Key = ^   Old payload = 0   New payload = 1   success
   Operation:Update   Key = 5   Old payload = 6   New payload = 7   success
   Operation:Update   Key = X   Old payload = 2   New payload = 3   success
   Operation:Update   Key = M   Old payload = 1   New payload = 2   success
   Operation:Update   Key = D   Old payload = 0   New payload = 1   success
   Operation:Update   Key = 0   Old payload = 7   New payload = 8   success
   Operation:Update   Key = 6   Old payload = 1   New payload = 2   success
   Operation:Update   Key = 1   Old payload = 0   New payload = 1   success
   Operation:Update   Key = [   Old payload = 0   New payload = 1   success
   Operation:Update   Key = `   Old payload = 1   New payload = 2   success
   Operation:Update   Key = M   Old payload = 2   New payload = 3   success
   Operation:Update   Key = G   Old payload = 2   New payload = 3   success
   Operation:Update   Key = R   Old payload = 7   New payload = 8   success
   Operation:Update   Key = 4   Old payload = 4   New payload = 5   success
   Operation:Update   Key = 6   Old payload = 2   New payload = 3   success
   Operation:Update   Key = X   Old payload = 3   New payload = 4   success
   Operation:Update   Key = @   Old payload = 4   New payload = 5   success
   Operation:Update   Key = J   Old payload = 3   New payload = 4   success
   Operation:Update   Key = O   Old payload = 5   New payload = 6   success
   Operation:Update   Key = 8   Old payload = 6   New payload = 7   success
   Operation:Update   Key = \   Old payload = 3   New payload = 4   success
   Operation:Update   Key = W   Old payload = 0   New payload = 1   success
   Operation:Update   Key = J   Old payload = 4   New payload = 5   success
   Operation:Update   Key = G   Old payload = 3   New payload = 4   success
   Operation:Update   Key = U   Old payload = 1   New payload = 2   success
   Operation:Update   Key = V   Old payload = 4   New payload = 5   success
   Operation:Update   Key = B   Old payload = 4   New payload = 5   success
   Operation:Update   Key = P   Old payload = 3   New payload = 4   success
   Operation:Update   Key = M   Old payload = 3   New payload = 4   success
   Operation:Update   Key = Y   Old payload = 22   New payload = 23   success
   Operation:Update   Key = Q   Old payload = 1   New payload = 2   success
   Operation:Update   Key = ?   Old payload = 0   New payload = 1   success
   Operation:Update   Key = W   Old payload = 1   New payload = 2   success
   Operation:Update   Key = 8   Old payload = 7   New payload = 8   success
   Operation:Update   Key = 4   Old payload = 5   New payload = 6   success
   Operation:Update   Key = N   Old payload = 0   New payload = 1   success
   Operation:Update   Key = K   Old payload = 9   New payload = 10   success
   Operation:Update   Key = 6   Old payload = 3   New payload = 4   success
   Operation:Update   Key = G   Old payload = 4   New payload = 5   success
   Operation:Update   Key = T   Old payload = 4   New payload = 5   success
   Operation:Update   Key = E   Old payload = 6   New payload = 7   success
   Operation:Update   Key = ]   Old payload = 13   New payload = 14   success
   Operation:Update   Key = H   Old payload = 6   New payload = 7   success
   Operation:Update   Key = F   Old payload = 2   New payload = 3   success
   Operation:Update   Key = D   Old payload = 1   New payload = 2   success
   Operation:Update   Key = M   Old payload = 4   New payload = 5   success
   Operation:Update   Key = K   Old payload = 10   New payload = 11   success
   Operation:Update   Key = G   Old payload = 5   New payload = 6   success
   Operation:Update   Key = _   Old payload = 4   New payload = 5   success
   Operation:Update   Key = <   Old payload = 10   New payload = 11   success
   Operation:Update   Key = T   Old payload = 5   New payload = 6   success
   Operation:Update   Key = X   Old payload = 4   New payload = 5   success
   Operation:Update   Key = ;   Old payload = 7   New payload = 8   success
   Operation:Update   Key = T   Old payload = 6   New payload = 7   success
   Operation:Update   Key = 5   Old payload = 7   New payload = 8   success
   Operation:Update   Key = A   Old payload = 10   New payload = 11   success
   Operation:Update   Key = 5   Old payload = 8   New payload = 9   success
   Operation:Update   Key = H   Old payload = 7   New payload = 8   success
   Operation:Update   Key = O   Old payload = 6   New payload = 7   success
   Operation:Update   Key = 2   Old payload = 4   New payload = 5   success
   Operation:Update   Key = 0   Old payload = 8   New payload = 9   success
   Operation:Update   Key = 0   Old payload = 9   New payload = 10   success
   Operation:Update   Key = Y   Old payload = 23   New payload = 24   success
   Operation:Update   Key = H   Old payload = 8   New payload = 9   success
   Operation:Update   Key = @   Old payload = 5   New payload = 6   success
   Operation:Update   Key = N   Old payload = 1   New payload = 2   success
   Operation:Update   Key = 7   Old payload = 1   New payload = 2   success
   Operation:Update   Key = Y   Old payload = 24   New payload = 25   success
   Operation:Update   Key = 7   Old payload = 2   New payload = 3   success
   Operation:Update   Key = U   Old payload = 2   New payload = 3   success
   Operation:Update   Key = 7   Old payload = 3   New payload = 4   success
   Operation:Update   Key = U   Old payload = 3   New payload = 4   success
   Operation:Update   Key = 3   Old payload = 7   New payload = 8   success
   Operation:Update   Key = Q   Old payload = 2   New payload = 3   success
   Operation:Update   Key = ]   Old payload = 14   New payload = 15   success
   Operation:Update   Key = 9   Old payload = 1   New payload = 2   success
   Operation:Update   Key = 9   Old payload = 2   New payload = 3   success
   Operation:Update   Key = 8   Old payload = 8   New payload = 9   success
   Operation:Update   Key = E   Old payload = 7   New payload = 8   success
   Operation:Update   Key = V   Old payload = 5   New payload = 6   success
   Operation:Update   Key = F   Old payload = 3   New payload = 4   success
   Operation:Update   Key = ^   Old payload = 1   New payload = 2   success
   Operation:Update   Key = 6   Old payload = 4   New payload = 5   success
   Operation:Update   Key = N   Old payload = 2   New payload = 3   success
   Operation:Update   Key = =   Old payload = 0   New payload = 1   success
   Operation:Update   Key = B   Old payload = 5   New payload = 6   success
   Operation:Update   Key = 0   Old payload = 10   New payload = 11   success
   Operation:Update   Key = Y   Old payload = 25   New payload = 26   success
   Operation:Update   Key = <   Old payload = 11   New payload = 12   success
   Operation:Update   Key = 5   Old payload = 9   New payload = 10   success
   Operation:Update   Key = :   Old payload = 0   New payload = 1   success
   Operation:Update   Key = 9   Old payload = 3   New payload = 4   success
   Operation:Update   Key = H   Old payload = 9   New payload = 10   success
   Operation:Update   Key = U   Old payload = 4   New payload = 5   success
   Operation:Update   Key = `   Old payload = 2   New payload = 3   success
   Operation:Update   Key = Q   Old payload = 3   New payload = 4   success
   Operation:Update   Key = ]   Old payload = 15   New payload = 16   success
   Operation:Update   Key = Y   Old payload = 26   New payload = 27   success
   Operation:Update   Key = 2   Old payload = 5   New payload = 6   success
   Operation:Update   Key = 0   Old payload = 11   New payload = 12   success
   Operation:Update   Key = Y   Old payload = 27   New payload = 28   success
   Operation:Update   Key = T   Old payload = 7   New payload = 8   success
   Operation:Update   Key = H   Old payload = 10   New payload = 11   success
   Operation:Update   Key = D   Old payload = 2   New payload = 3   success
   Operation:Update   Key = ^   Old payload = 2   New payload = 3   success
   Operation:Update   Key = E   Old payload = 8   New payload = 9   success
   Operation:Update   Key = `   Old payload = 3   New payload = 4   success
   Operation:Update   Key = a   Old payload = 2   New payload = 3   success
   Operation:Update   Key = B   Old payload = 6   New payload = 7   success
   Operation:Update   Key = R   Old payload = 8   New payload = 9   success
   Operation:Update   Key = O   Old payload = 7   New payload = 8   success
   Operation:Update   Key = R   Old payload = 9   New payload = 10   success
   Operation:Update   Key = 3   Old payload = 8   New payload = 9   success
   Operation:Update   Key = a   Old payload = 3   New payload = 4   success
   Operation:Update   Key = B   Old payload = 7   New payload = 8   success
   Operation:Update   Key = V   Old payload = 6   New payload = 7   success
   Operation:Update   Key = 0   Old payload = 12   New payload = 13   success
   Operation:Update   Key = V   Old payload = 7   New payload = 8   success
   Operation:Update   Key = K   Old payload = 11   New payload = 12   success
   Operation:Update   Key = A   Old payload = 11   New payload = 12   success
   Operation:Update   Key = L   Old payload = 7   New payload = 8   success
   Operation:Update   Key = [   Old payload = 1   New payload = 2   success
   Operation:Update   Key = `   Old payload = 4   New payload = 5   success
   Operation:Update   Key = Q   Old payload = 4   New payload = 5   success
   Operation:Update   Key = 7   Old payload = 4   New payload = 5   success
   Operation:Update   Key = E   Old payload = 9   New payload = 10   success
   Operation:Update   Key = :   Old payload = 1   New payload = 2   success
   Operation:Update   Key = A   Old payload = 12   New payload = 13   success
   Operation:Update   Key = =   Old payload = 1   New payload = 2   success
   Operation:Update   Key = >   Old payload = 8   New payload = 9   success
   Operation:Update   Key = 9   Old payload = 4   New payload = 5   success
   Operation:Update   Key = @   Old payload = 6   New payload = 7   success
   Operation:Update   Key = S   Old payload = 3   New payload = 4   success
   Operation:Update   Key = 1   Old payload = 1   New payload = 2   success
   Operation:Update   Key = 0   Old payload = 13   New payload = 14   success
   Operation:Update   Key = a   Old payload = 4   New payload = 5   success
   Operation:Update   Key = C   Old payload = 10   New payload = 11   success
   Operation:Update   Key = 6   Old payload = 5   New payload = 6   success
   Operation:Update   Key = `   Old payload = 5   New payload = 6   success
   Operation:Update   Key = 3   Old payload = 9   New payload = 10   success
   Operation:Update   Key = H   Old payload = 11   New payload = 12   success
   Operation:Update   Key = 8   Old payload = 9   New payload = 10   success
   Operation:Update   Key = \   Old payload = 4   New payload = 5   success
   Operation:Update   Key = 9   Old payload = 5   New payload = 6   success
   Operation:Update   Key = W   Old payload = 2   New payload = 3   success
   Operation:Update   Key = 2   Old payload = 6   New payload = 7   success
   Operation:Update   Key = ]   Old payload = 16   New payload = 17   success
   Operation:Update   Key = S   Old payload = 4   New payload = 5   success
   Operation:Update   Key = [   Old payload = 2   New payload = 3   success
   Operation:Update   Key = [   Old payload = 3   New payload = 4   success
   Operation:Update   Key = G   Old payload = 6   New payload = 7   success
   Operation:Update   Key = U   Old payload = 5   New payload = 6   success
   Operation:Update   Key = >   Old payload = 9   New payload = 10   success
   Operation:Update   Key = 3   Old payload = 10   New payload = 11   success
   Operation:Update   Key = `   Old payload = 6   New payload = 7   success
   Operation:Update   Key = 0   Old payload = 14   New payload = 15   success
   Operation:Update   Key = 8   Old payload = 10   New payload = 11   success
   Operation:Update   Key = B   Old payload = 8   New payload = 9   success
   Operation:Update   Key = N   Old payload = 3   New payload = 4   success
   Operation:Update   Key = ^   Old payload = 3   New payload = 4   success
   Operation:Update   Key = `   Old payload = 7   New payload = 8   success
   Operation:Update   Key = O   Old payload = 8   New payload = 9   success
   Operation:Update   Key = W   Old payload = 3   New payload = 4   success
   Operation:Update   Key = `   Old payload = 8   New payload = 9   success
   Operation:Update   Key = 9   Old payload = 6   New payload = 7   success
   Operation:Update   Key = 7   Old payload = 5   New payload = 6   success
   Operation:Update   Key = F   Old payload = 4   New payload = 5   success
   Operation:Update   Key = F   Old payload = 5   New payload = 6   success
   Operation:Update   Key = V   Old payload = 8   New payload = 9   success
   Operation:Update   Key = Z   Old payload = 9   New payload = 10   success
   Operation:Update   Key = V   Old payload = 9   New payload = 10   success
   Operation:Update   Key = M   Old payload = 5   New payload = 6   success
   Operation:Update   Key = X   Old payload = 5   New payload = 6   success
   Operation:Update   Key = 7   Old payload = 6   New payload = 7   success
   Operation:Update   Key = 8   Old payload = 11   New payload = 12   success
   Operation:Update   Key = Y   Old payload = 28   New payload = 29   success
   Operation:Update   Key = ?   Old payload = 1   New payload = 2   success
   Operation:Update   Key = V   Old payload = 10   New payload = 11   success
   Operation:Update   Key = 6   Old payload = 6   New payload = 7   success
   Operation:Update   Key = ;   Old payload = 8   New payload = 9   success
   Operation:Update   Key = 2   Old payload = 7   New payload = 8   success
   Operation:Update   Key = R   Old payload = 10   New payload = 11   success
   Operation:Update   Key = F   Old payload = 6   New payload = 7   success
   Operation:Update   Key = 5   Old payload = 10   New payload = 11   success
   Operation:Update   Key = L   Old payload = 8   New payload = 9   success
   Operation:Update   Key = ^   Old payload = 4   New payload = 5   success
   Operation:Update   Key = <   Old payload = 12   New payload = 13   success
   Operation:Update   Key = T   Old payload = 8   New payload = 9   success
   Operation:Update   Key = I   Old payload = 0   New payload = 1   success
   Operation:Update   Key = Q   Old payload = 5   New payload = 6   success
   Operation:Update   Key = C   Old payload = 11   New payload = 12   success
   Operation:Update   Key = Z   Old payload = 10   New payload = 11   success
   Operation:Update   Key = \   Old payload = 5   New payload = 6   success
   Operation:Update   Key = @   Old payload = 7   New payload = 8   success
   Operation:Update   Key = O   Old payload = 9   New payload = 10   success
   Operation:Update   Key = `   Old payload = 9   New payload = 10   success
   Operation:Update   Key = F   Old payload = 7   New payload = 8   success
   Operation:Update   Key = 1   Old payload = 2   New payload = 3   success
   Operation:Update   Key = E   Old payload = 10   New payload = 11   success
   Operation:Update   Key = a   Old payload = 5   New payload = 6   success
   Operation:Update   Key = 7   Old payload = 7   New payload = 8   success
   Operation:Update   Key = J   Old payload = 5   New payload = 6   success
   Operation:Update   Key = Z   Old payload = 11   New payload = 12   success
   Operation:Update   Key = W   Old payload = 4   New payload = 5   success
   Operation:Update   Key = I   Old payload = 1   New payload = 2   success
   Operation:Update   Key = <   Old payload = 13   New payload = 14   success
   Operation:Update   Key = 0   Old payload = 15   New payload = 16   success
   Operation:Update   Key = :   Old payload = 2   New payload = 3   success
   Operation:Update   Key = 3   Old payload = 11   New payload = 12   success
   Operation:Update   Key = C   Old payload = 12   New payload = 13   success
   Operation:Update   Key = ;   Old payload = 9   New payload = 10   success
   Operation:Update   Key = V   Old payload = 11   New payload = 12   success
   Operation:Update   Key = 1   Old payload = 3   New payload = 4   success
   Operation:Update   Key = W   Old payload = 5   New payload = 6   success
   Operation:Update   Key = 5   Old payload = 11   New payload = 12   success
   Operation:Update   Key = G   Old payload = 7   New payload = 8   success
   Operation:Update   Key = 2   Old payload = 8   New payload = 9   success
   Operation:Update   Key = S   Old payload = 5   New payload = 6   success
   Operation:Update   Key = P   Old payload = 4   New payload = 5   success
   Operation:Update   Key = S   Old payload = 6   New payload = 7   success
   Operation:Update   Key = V   Old payload = 12   New payload = 13   success
   Operation:Update   Key = J   Old payload = 6   New payload = 7   success
   Operation:Update   Key = A   Old payload = 13   New payload = 14   success
   Operation:Update   Key = 7   Old payload = 8   New payload = 9   success
   Operation:Update   Key = P   Old payload = 5   New payload = 6   success
   Operation:Update   Key = P   Old payload = 6   New payload = 7   success
   Operation:Update   Key = C   Old payload = 13   New payload = 14   success
   Operation:Update   Key = 4   Old payload = 6   New payload = 7   success
   Operation:Update   Key = E   Old payload = 11   New payload = 12   success
   Operation:Update   Key = W   Old payload = 6   New payload = 7   success
   Operation:Update   Key = J   Old payload = 7   New payload = 8   success
   Operation:Update   Key = M   Old payload = 6   New payload = 7   success
   Operation:Update   Key = B   Old payload = 9   New payload = 10   success
   Operation:Update   Key = Z   Old payload = 12   New payload = 13   success
   Operation:Update   Key = I   Old payload = 2   New payload = 3   success
   Operation:Update   Key = 5   Old payload = 12   New payload = 13   success
   Operation:Update   Key = R   Old payload = 11   New payload = 12   success
   Operation:Update   Key = a   Old payload = 6   New payload = 7   success
   Operation:Update   Key = Y   Old payload = 29   New payload = 30   success
   Operation:Update   Key = <   Old payload = 14   New payload = 15   success
   Operation:Update   Key = ]   Old payload = 17   New payload = 18   success
   Operation:Update   Key = :   Old payload = 3   New payload = 4   success
   Operation:Update   Key = B   Old payload = 10   New payload = 11   success
   Operation:Update   Key = 3   Old payload = 12   New payload = 13   success
   Operation:Update   Key = W   Old payload = 7   New payload = 8   success
   Operation:Update   Key = G   Old payload = 8   New payload = 9   success
   Operation:Update   Key = M   Old payload = 7   New payload = 8   success
   Operation:Update   Key = ^   Old payload = 5   New payload = 6   success
   Operation:Update   Key = U   Old payload = 6   New payload = 7   success
   Operation:Update   Key = M   Old payload = 8   New payload = 9   success
   Operation:Update   Key = a   Old payload = 7   New payload = 8   success
   Operation:Update   Key = U   Old payload = 7   New payload = 8   success
   Operation:Update   Key = @   Old payload = 8   New payload = 9   success
   Operation:Update   Key = a   Old payload = 8   New payload = 9   success
   Operation:Update   Key = [   Old payload = 4   New payload = 5   success
   Operation:Update   Key = ]   Old payload = 18   New payload = 19   success
   Operation:Update   Key = _   Old payload = 5   New payload = 6   success
   Operation:Update   Key = @   Old payload = 9   New payload = 10   success
   Operation:Update   Key = T   Old payload = 9   New payload = 10   success
   Operation:Update   Key = 5   Old payload = 13   New payload = 14   success
   Operation:Update   Key = V   Old payload = 13   New payload = 14   success
   Operation:Update   Key = P   Old payload = 7   New payload = 8   success
   Operation:Update   Key = 5   Old payload = 14   New payload = 15   success
   Operation:Update   Key = R   Old payload = 12   New payload = 13   success
   Operation:Update   Key = >   Old payload = 10   New payload = 11   success
   Operation:Update   Key = 1   Old payload = 4   New payload = 5   success
   Operation:Update   Key = @   Old payload = 10   New payload = 11   success
   Operation:Update   Key = E   Old payload = 12   New payload = 13   success
   Operation:Update   Key = T   Old payload = 10   New payload = 11   success
   Operation:Update   Key = =   Old payload = 2   New payload = 3   success
   Operation:Update   Key = =   Old payload = 3   New payload = 4   success
   Operation:Update   Key = 5   Old payload = 15   New payload = 16   success
   Operation:Update   Key = S   Old payload = 7   New payload = 8   success
   Operation:Update   Key = 3   Old payload = 13   New payload = 14   success
   Operation:Update   Key = <   Old payload = 15   New payload = 16   success
   Operation:Update   Key = 8   Old payload = 12   New payload = 13   success
   Operation:Update   Key = P   Old payload = 8   New payload = 9   success
   Operation:Update   Key = ]   Old payload = 19   New payload = 20   success
   Operation:Update   Key = =   Old payload = 4   New payload = 5   success
   Operation:Update   Key = 6   Old payload = 7   New payload = 8   success
   Operation:Update   Key = E   Old payload = 13   New payload = 14   success
   Operation:Update   Key = 8   Old payload = 13   New payload = 14   success
   Operation:Update   Key = ^   Old payload = 6   New payload = 7   success
   Operation:Update   Key = P   Old payload = 9   New payload = 10   success
   Operation:Update   Key = O   Old payload = 10   New payload = 11   success
   Operation:Update   Key = \   Old payload = 6   New payload = 7   success
   Operation:Update   Key = ^   Old payload = 7   New payload = 8   success
   Operation:Update   Key = F   Old payload = 8   New payload = 9   success
   Operation:Update   Key = M   Old payload = 9   New payload = 10   success
   Operation:Update   Key = ;   Old payload = 10   New payload = 11   success
   Operation:Update   Key = S   Old payload = 8   New payload = 9   success
   Operation:Update   Key = 0   Old payload = 16   New payload = 17   success
   Operation:Update   Key = G   Old payload = 9   New payload = 10   success
   Operation:Update   Key = @   Old payload = 11   New payload = 12   success
   Operation:Update   Key = \   Old payload = 7   New payload = 8   success
   Operation:Update   Key = 9   Old payload = 7   New payload = 8   success
   Operation:Update   Key = Z   Old payload = 13   New payload = 14   success
   Operation:Update   Key = W   Old payload = 8   New payload = 9   success
   Operation:Update   Key = 3   Old payload = 14   New payload = 15   success
   Operation:Update   Key = H   Old payload = 12   New payload = 13   success
   Operation:Update   Key = 4   Old payload = 7   New payload = 8   success
   Operation:Update   Key = :   Old payload = 4   New payload = 5   success
   Operation:Update   Key = ]   Old payload = 20   New payload = 21   success
   Operation:Update   Key = a   Old payload = 9   New payload = 10   success
   Operation:Update   Key = T   Old payload = 11   New payload = 12   success
   Operation:Update   Key = =   Old payload = 5   New payload = 6   success
   Operation:Update   Key = H   Old payload = 13   New payload = 14   success
   Operation:Update   Key = F   Old payload = 9   New payload = 10   success
   Operation:Update   Key = B   Old payload = 11   New payload = 12   success
   Operation:Update   Key = B   Old payload = 12   New payload = 13   success
   Operation:Update   Key = U   Old payload = 8   New payload = 9   success
   Operation:Update   Key = 5   Old payload = 16   New payload = 17   success
   Operation:Update   Key = 8   Old payload = 14   New payload = 15   success
   Operation:Update   Key = Y   Old payload = 30   New payload = 31   success
   Operation:Update   Key = 2   Old payload = 9   New payload = 10   success
   Operation:Update   Key = I   Old payload = 3   New payload = 4   success
   Operation:Update   Key = K   Old payload = 12   New payload = 13   success
   Operation:Update   Key = >   Old payload = 11   New payload = 12   success
   Operation:Update   Key = >   Old payload = 12   New payload = 13   success
   Operation:Update   Key = H   Old payload = 14   New payload = 15   success
   Operation:Update   Key = R   Old payload = 13   New payload = 14   success
   Operation:Update   Key = H   Old payload = 15   New payload = 16   success
   Operation:Update   Key = F   Old payload = 10   New payload = 11   success
   Operation:Update   Key = 9   Old payload = 8   New payload = 9   success
   Operation:Update   Key = Q   Old payload = 6   New payload = 7   success
   Operation:Update   Key = D   Old payload = 3   New payload = 4   success
   Operation:Update   Key = U   Old payload = 9   New payload = 10   success
   Operation:Update   Key = _   Old payload = 6   New payload = 7   success
   Operation:Update   Key = B   Old payload = 13   New payload = 14   success
   Operation:Update   Key = K   Old payload = 13   New payload = 14   success
   Operation:Update   Key = G   Old payload = 10   New payload = 11   success
   Operation:Update   Key = D   Old payload = 4   New payload = 5   success
   Operation:Update   Key = =   Old payload = 6   New payload = 7   success
   Operation:Update   Key = B   Old payload = 14   New payload = 15   success
   Operation:Update   Key = Z   Old payload = 14   New payload = 15   success
   Operation:Update   Key = S   Old payload = 9   New payload = 10   success
   Operation:Update   Key = 2   Old payload = 10   New payload = 11   success
   Operation:Update   Key = N   Old payload = 4   New payload = 5   success
   Operation:Update   Key = =   Old payload = 7   New payload = 8   success
   Operation:Update   Key = K   Old payload = 14   New payload = 15   success
   Operation:Update   Key = 2   Old payload = 11   New payload = 12   success
   Operation:Update   Key = a   Old payload = 10   New payload = 11   success
   Operation:Update   Key = K   Old payload = 15   New payload = 16   success
   Operation:Update   Key = I   Old payload = 4   New payload = 5   success
   Operation:Update   Key = [   Old payload = 5   New payload = 6   success
   Operation:Update   Key = H   Old payload = 16   New payload = 17   success
   Operation:Update   Key = G   Old payload = 11   New payload = 12   success
   Operation:Update   Key = F   Old payload = 11   New payload = 12   success
   Operation:Update   Key = ;   Old payload = 11   New payload = 12   success
