d:\5 семестр\сп\lab_2\lab_2\sp02_com\x64\debug\vc143.pdb
d:\5 семестр\сп\lab_2\lab_2\sp02_com\x64\debug\vc143.idb
d:\5 семестр\сп\lab_2\lab_2\sp02_com\x64\debug\sp02.obj
d:\5 семестр\сп\lab_2\lab_2\sp02_com\x64\debug\cfactory.obj
d:\5 семестр\сп\lab_2\lab_2\sp02_com\x64\debug\dllmain.obj
d:\5 семестр\сп\lab_2\lab_2\sp02_com\x64\debug\sp02_com.pch
d:\5 семестр\сп\lab_2\lab_2\sp02_com\x64\debug\pch.obj
d:\5 семестр\сп\lab_2\lab_2\sp02_com\x64\debug\registry.obj
d:\5 семестр\сп\lab_2\lab_2\sp02_com\x64\debug\com.obj
d:\5 семестр\сп\lab_2\lab_2\x64\debug\sp02_com.dll
d:\5 семестр\сп\lab_2\lab_2\sp02_com\x64\debug\sp02_com.ilk
d:\5 семестр\сп\lab_2\lab_2\x64\debug\sp02_com.pdb
d:\5 семестр\сп\lab_2\lab_2\sp02_com\x64\debug\seqlog.obj
d:\5 семестр\сп\lab_2\lab_2\sp02_com\x64\debug\source.obj
d:\5 семестр\сп\lab_2\lab_2\sp02_com\x64\debug\sp02_com.tlog\cl.command.1.tlog
d:\5 семестр\сп\lab_2\lab_2\sp02_com\x64\debug\sp02_com.tlog\cl.read.1.tlog
d:\5 семестр\сп\lab_2\lab_2\sp02_com\x64\debug\sp02_com.tlog\cl.write.1.tlog
d:\5 семестр\сп\lab_2\lab_2\sp02_com\x64\debug\sp02_com.tlog\link.command.1.tlog
d:\5 семестр\сп\lab_2\lab_2\sp02_com\x64\debug\sp02_com.tlog\link.read.1.tlog
d:\5 семестр\сп\lab_2\lab_2\sp02_com\x64\debug\sp02_com.tlog\link.write.1.tlog
